2022-03-03 15:12:04,258 - movie_logger - INFO - 가상 브라우저 실행...
2022-03-03 15:12:04,626 - movie_logger - INFO - 네이버 영화 랭킹 1페이지 이동...
2022-03-03 15:12:04,646 - movie_logger - INFO - 1-클라우스 영화 제목 클릭... :
2022-03-03 15:12:05,749 - movie_logger - INFO - 영화 평점 클릭... :
2022-03-03 15:12:05,772 - movie_logger - INFO - 영화 제목 수집 : 클라우스
2022-03-03 15:12:05,791 - movie_logger - INFO - iframe으로 전환
2022-03-03 15:12:05,830 - movie_logger - INFO - 1,클라우스
2022-03-03 15:12:05,865 - movie_logger - INFO - 2,클라우스
2022-03-03 15:12:05,895 - movie_logger - INFO - 3,클라우스
2022-03-03 15:12:05,924 - movie_logger - INFO - 4,클라우스
2022-03-03 15:12:05,953 - movie_logger - INFO - 5,클라우스
2022-03-03 15:12:05,985 - movie_logger - INFO - 6,클라우스
2022-03-03 15:12:06,014 - movie_logger - INFO - 7,클라우스
2022-03-03 15:12:06,046 - movie_logger - INFO - 8,클라우스
2022-03-03 15:12:06,075 - movie_logger - INFO - 9,클라우스
2022-03-03 15:12:06,122 - movie_logger - INFO - 10,클라우스
2022-03-03 15:12:06,270 - movie_logger - INFO - 다음 페이지 클릭
2022-03-03 15:12:06,306 - movie_logger - INFO - 11,클라우스
2022-03-03 15:12:06,336 - movie_logger - INFO - 12,클라우스
2022-03-03 15:12:06,368 - movie_logger - INFO - 13,클라우스
2022-03-03 15:12:06,399 - movie_logger - INFO - 14,클라우스
2022-03-03 15:12:06,436 - movie_logger - INFO - 15,클라우스
2022-03-03 15:12:06,469 - movie_logger - INFO - 16,클라우스
2022-03-03 15:12:06,502 - movie_logger - INFO - 17,클라우스
2022-03-03 15:12:06,533 - movie_logger - INFO - 18,클라우스
2022-03-03 15:12:06,563 - movie_logger - INFO - 19,클라우스
2022-03-03 15:12:06,596 - movie_logger - INFO - 20,클라우스
2022-03-03 15:12:06,746 - movie_logger - INFO - 다음 페이지 클릭
2022-03-03 15:12:06,790 - movie_logger - INFO - 21,클라우스
2022-03-03 15:12:06,818 - movie_logger - INFO - 22,클라우스
2022-03-03 15:12:06,847 - movie_logger - INFO - 23,클라우스
2022-03-03 15:12:06,876 - movie_logger - INFO - 24,클라우스
2022-03-03 15:12:06,904 - movie_logger - INFO - 25,클라우스
2022-03-03 15:12:06,933 - movie_logger - INFO - 26,클라우스
2022-03-03 15:12:06,962 - movie_logger - INFO - 27,클라우스
2022-03-03 15:12:06,994 - movie_logger - INFO - 28,클라우스
2022-03-03 15:12:07,025 - movie_logger - INFO - 29,클라우스
2022-03-03 15:12:07,056 - movie_logger - INFO - 30,클라우스
2022-03-03 15:12:07,194 - movie_logger - INFO - 다음 페이지 클릭
2022-03-03 15:12:07,230 - movie_logger - INFO - 31,클라우스
2022-03-03 15:12:07,259 - movie_logger - INFO - 32,클라우스
2022-03-03 15:12:07,289 - movie_logger - INFO - 33,클라우스
2022-03-03 15:12:07,320 - movie_logger - INFO - 34,클라우스
2022-03-03 15:12:07,355 - movie_logger - INFO - 35,클라우스
2022-03-03 15:12:07,386 - movie_logger - INFO - 36,클라우스
2022-03-03 15:12:07,421 - movie_logger - INFO - 37,클라우스
2022-03-03 15:12:07,450 - movie_logger - INFO - 38,클라우스
2022-03-03 15:12:07,481 - movie_logger - INFO - 39,클라우스
2022-03-03 15:12:07,511 - movie_logger - INFO - 40,클라우스
2022-03-03 15:12:07,641 - movie_logger - INFO - 다음 페이지 클릭
2022-03-03 15:12:07,680 - movie_logger - INFO - 41,클라우스
2022-03-03 15:12:07,712 - movie_logger - INFO - 42,클라우스
2022-03-03 15:12:07,740 - movie_logger - INFO - 43,클라우스
2022-03-03 15:12:07,769 - movie_logger - INFO - 44,클라우스
2022-03-03 15:12:07,799 - movie_logger - INFO - 45,클라우스
2022-03-03 15:12:07,829 - movie_logger - INFO - 46,클라우스
2022-03-03 15:12:07,859 - movie_logger - INFO - 47,클라우스
2022-03-03 15:12:07,890 - movie_logger - INFO - 48,클라우스
2022-03-03 15:12:07,921 - movie_logger - INFO - 49,클라우스
2022-03-03 15:12:07,952 - movie_logger - INFO - 50,클라우스
2022-03-03 15:12:08,084 - movie_logger - INFO - 다음 페이지 클릭
2022-03-03 15:12:08,119 - movie_logger - INFO - 51,클라우스
2022-03-03 15:12:08,153 - movie_logger - INFO - 52,클라우스
2022-03-03 15:12:08,185 - movie_logger - INFO - 53,클라우스
2022-03-03 15:12:08,217 - movie_logger - INFO - 54,클라우스
2022-03-03 15:12:08,249 - movie_logger - INFO - 55,클라우스
2022-03-03 15:12:08,282 - movie_logger - INFO - 56,클라우스
2022-03-03 15:12:08,315 - movie_logger - INFO - 57,클라우스
2022-03-03 15:12:08,344 - movie_logger - INFO - 58,클라우스
2022-03-03 15:12:08,375 - movie_logger - INFO - 59,클라우스
2022-03-03 15:12:08,408 - movie_logger - INFO - 60,클라우스
2022-03-03 15:12:08,564 - movie_logger - INFO - 다음 페이지 클릭
2022-03-03 15:12:08,607 - movie_logger - INFO - 61,클라우스
2022-03-03 15:12:08,640 - movie_logger - INFO - 62,클라우스
2022-03-03 15:12:08,668 - movie_logger - INFO - 63,클라우스
2022-03-03 15:12:08,700 - movie_logger - INFO - 64,클라우스
2022-03-03 15:12:08,734 - movie_logger - INFO - 65,클라우스
2022-03-03 15:12:08,767 - movie_logger - INFO - 66,클라우스
2022-03-03 15:12:08,797 - movie_logger - INFO - 67,클라우스
2022-03-03 15:12:08,829 - movie_logger - INFO - 68,클라우스
2022-03-03 15:12:08,861 - movie_logger - INFO - 69,클라우스
2022-03-03 15:12:08,894 - movie_logger - INFO - 70,클라우스
2022-03-03 15:12:09,039 - movie_logger - INFO - 다음 페이지 클릭
2022-03-03 15:12:09,082 - movie_logger - INFO - 71,클라우스
2022-03-03 15:12:09,115 - movie_logger - INFO - 72,클라우스
2022-03-03 15:12:09,148 - movie_logger - INFO - 73,클라우스
2022-03-03 15:12:09,179 - movie_logger - INFO - 74,클라우스
2022-03-03 15:12:09,213 - movie_logger - INFO - 75,클라우스
2022-03-03 15:12:09,245 - movie_logger - INFO - 76,클라우스
2022-03-03 15:12:09,276 - movie_logger - INFO - 77,클라우스
2022-03-03 15:12:09,310 - movie_logger - INFO - 78,클라우스
2022-03-03 15:12:09,342 - movie_logger - INFO - 79,클라우스
2022-03-03 15:12:09,372 - movie_logger - INFO - 80,클라우스
2022-03-03 15:12:09,506 - movie_logger - INFO - 다음 페이지 클릭
2022-03-03 15:12:09,546 - movie_logger - INFO - 81,클라우스
2022-03-03 15:12:09,577 - movie_logger - INFO - 82,클라우스
2022-03-03 15:12:09,608 - movie_logger - INFO - 83,클라우스
2022-03-03 15:12:09,641 - movie_logger - INFO - 84,클라우스
2022-03-03 15:12:09,673 - movie_logger - INFO - 85,클라우스
2022-03-03 15:12:09,706 - movie_logger - INFO - 86,클라우스
2022-03-03 15:12:09,737 - movie_logger - INFO - 87,클라우스
2022-03-03 15:12:09,768 - movie_logger - INFO - 88,클라우스
2022-03-03 15:12:09,801 - movie_logger - INFO - 89,클라우스
2022-03-03 15:12:09,834 - movie_logger - INFO - 90,클라우스
2022-03-03 15:12:09,974 - movie_logger - INFO - 다음 페이지 클릭
2022-03-03 15:12:10,013 - movie_logger - INFO - 91,클라우스
2022-03-03 15:12:10,044 - movie_logger - INFO - 92,클라우스
2022-03-03 15:12:10,077 - movie_logger - INFO - 93,클라우스
2022-03-03 15:12:10,109 - movie_logger - INFO - 94,클라우스
2022-03-03 15:12:10,145 - movie_logger - INFO - 95,클라우스
2022-03-03 15:12:10,177 - movie_logger - INFO - 96,클라우스
2022-03-03 15:12:10,210 - movie_logger - INFO - 97,클라우스
2022-03-03 15:12:10,245 - movie_logger - INFO - 98,클라우스
2022-03-03 15:12:10,277 - movie_logger - INFO - 99,클라우스
2022-03-03 15:12:10,310 - movie_logger - INFO - 100,클라우스
2022-03-03 15:12:10,437 - movie_logger - INFO - 다음 페이지 클릭
2022-03-03 15:12:10,479 - movie_logger - INFO - 101,클라우스
2022-03-03 15:12:10,516 - movie_logger - INFO - 102,클라우스
2022-03-03 15:12:10,546 - movie_logger - INFO - 103,클라우스
2022-03-03 15:12:10,579 - movie_logger - INFO - 104,클라우스
2022-03-03 15:12:10,610 - movie_logger - INFO - 105,클라우스
2022-03-03 15:12:10,641 - movie_logger - INFO - 106,클라우스
2022-03-03 15:12:10,674 - movie_logger - INFO - 107,클라우스
2022-03-03 15:12:10,706 - movie_logger - INFO - 108,클라우스
2022-03-03 15:12:10,739 - movie_logger - INFO - 109,클라우스
2022-03-03 15:12:10,781 - movie_logger - INFO - 110,클라우스
2022-03-03 15:12:10,921 - movie_logger - INFO - 다음 페이지 클릭
2022-03-03 15:12:10,961 - movie_logger - INFO - 111,클라우스
2022-03-03 15:12:10,993 - movie_logger - INFO - 112,클라우스
2022-03-03 15:12:11,026 - movie_logger - INFO - 113,클라우스
2022-03-03 15:12:11,059 - movie_logger - INFO - 114,클라우스
2022-03-03 15:12:11,095 - movie_logger - INFO - 115,클라우스
2022-03-03 15:12:11,130 - movie_logger - INFO - 116,클라우스
2022-03-03 15:12:11,162 - movie_logger - INFO - 117,클라우스
2022-03-03 15:12:11,194 - movie_logger - INFO - 118,클라우스
2022-03-03 15:12:11,229 - movie_logger - INFO - 119,클라우스
2022-03-03 15:12:11,261 - movie_logger - INFO - 120,클라우스
2022-03-03 15:12:11,391 - movie_logger - INFO - 다음 페이지 클릭
2022-03-03 15:12:11,435 - movie_logger - INFO - 121,클라우스
2022-03-03 15:12:11,467 - movie_logger - INFO - 122,클라우스
2022-03-03 15:12:11,499 - movie_logger - INFO - 123,클라우스
2022-03-03 15:12:11,531 - movie_logger - INFO - 124,클라우스
2022-03-03 15:12:11,563 - movie_logger - INFO - 125,클라우스
2022-03-03 15:12:11,598 - movie_logger - INFO - 126,클라우스
2022-03-03 15:12:11,632 - movie_logger - INFO - 127,클라우스
2022-03-03 15:12:11,666 - movie_logger - INFO - 128,클라우스
2022-03-03 15:12:11,704 - movie_logger - INFO - 129,클라우스
2022-03-03 15:12:11,738 - movie_logger - INFO - 130,클라우스
2022-03-03 15:12:11,870 - movie_logger - INFO - 다음 페이지 클릭
2022-03-03 15:12:11,908 - movie_logger - INFO - 131,클라우스
2022-03-03 15:12:11,943 - movie_logger - INFO - 132,클라우스
2022-03-03 15:12:11,977 - movie_logger - INFO - 133,클라우스
2022-03-03 15:12:12,011 - movie_logger - INFO - 134,클라우스
2022-03-03 15:12:12,046 - movie_logger - INFO - 135,클라우스
2022-03-03 15:12:12,083 - movie_logger - INFO - 136,클라우스
2022-03-03 15:12:12,119 - movie_logger - INFO - 137,클라우스
2022-03-03 15:12:12,154 - movie_logger - INFO - 138,클라우스
2022-03-03 15:12:12,190 - movie_logger - INFO - 139,클라우스
2022-03-03 15:12:12,224 - movie_logger - INFO - 140,클라우스
2022-03-03 15:12:12,355 - movie_logger - INFO - 다음 페이지 클릭
2022-03-03 15:12:12,399 - movie_logger - INFO - 141,클라우스
2022-03-03 15:12:12,434 - movie_logger - INFO - 142,클라우스
2022-03-03 15:12:12,469 - movie_logger - INFO - 143,클라우스
2022-03-03 15:12:12,504 - movie_logger - INFO - 144,클라우스
2022-03-03 15:12:12,537 - movie_logger - INFO - 145,클라우스
2022-03-03 15:12:12,570 - movie_logger - INFO - 146,클라우스
2022-03-03 15:12:12,603 - movie_logger - INFO - 147,클라우스
2022-03-03 15:12:12,637 - movie_logger - INFO - 148,클라우스
2022-03-03 15:12:12,671 - movie_logger - INFO - 149,클라우스
2022-03-03 15:12:12,710 - movie_logger - INFO - 150,클라우스
2022-03-03 15:12:12,848 - movie_logger - INFO - 다음 페이지 클릭
2022-03-03 15:12:12,887 - movie_logger - INFO - 151,클라우스
2022-03-03 15:12:12,920 - movie_logger - INFO - 152,클라우스
2022-03-03 15:12:12,954 - movie_logger - INFO - 153,클라우스
2022-03-03 15:12:12,989 - movie_logger - INFO - 154,클라우스
2022-03-03 15:12:13,026 - movie_logger - INFO - 155,클라우스
2022-03-03 15:12:13,064 - movie_logger - INFO - 156,클라우스
2022-03-03 15:12:13,098 - movie_logger - INFO - 157,클라우스
2022-03-03 15:12:13,136 - movie_logger - INFO - 158,클라우스
2022-03-03 15:12:13,172 - movie_logger - INFO - 159,클라우스
2022-03-03 15:12:13,207 - movie_logger - INFO - 160,클라우스
2022-03-03 15:12:13,353 - movie_logger - INFO - 다음 페이지 클릭
2022-03-03 15:12:13,393 - movie_logger - INFO - 161,클라우스
2022-03-03 15:12:13,427 - movie_logger - INFO - 162,클라우스
2022-03-03 15:12:13,461 - movie_logger - INFO - 163,클라우스
2022-03-03 15:12:13,494 - movie_logger - INFO - 164,클라우스
2022-03-03 15:12:13,530 - movie_logger - INFO - 165,클라우스
2022-03-03 15:12:13,565 - movie_logger - INFO - 166,클라우스
2022-03-03 15:12:13,602 - movie_logger - INFO - 167,클라우스
2022-03-03 15:12:13,639 - movie_logger - INFO - 168,클라우스
2022-03-03 15:12:13,675 - movie_logger - INFO - 169,클라우스
2022-03-03 15:12:13,712 - movie_logger - INFO - 170,클라우스
2022-03-03 15:12:13,840 - movie_logger - INFO - 다음 페이지 클릭
2022-03-03 15:12:13,884 - movie_logger - INFO - 171,클라우스
2022-03-03 15:12:13,926 - movie_logger - INFO - 172,클라우스
2022-03-03 15:12:13,961 - movie_logger - INFO - 173,클라우스
2022-03-03 15:12:13,995 - movie_logger - INFO - 174,클라우스
2022-03-03 15:12:14,030 - movie_logger - INFO - 175,클라우스
2022-03-03 15:12:14,065 - movie_logger - INFO - 176,클라우스
2022-03-03 15:12:14,100 - movie_logger - INFO - 177,클라우스
2022-03-03 15:12:14,137 - movie_logger - INFO - 178,클라우스
2022-03-03 15:12:14,174 - movie_logger - INFO - 179,클라우스
2022-03-03 15:12:14,211 - movie_logger - INFO - 180,클라우스
2022-03-03 15:12:14,351 - movie_logger - INFO - 다음 페이지 클릭
2022-03-03 15:12:14,393 - movie_logger - INFO - 181,클라우스
2022-03-03 15:12:14,429 - movie_logger - INFO - 182,클라우스
2022-03-03 15:12:14,463 - movie_logger - INFO - 183,클라우스
2022-03-03 15:12:14,501 - movie_logger - INFO - 184,클라우스
2022-03-03 15:12:14,541 - movie_logger - INFO - 185,클라우스
2022-03-03 15:12:14,574 - movie_logger - INFO - 186,클라우스
2022-03-03 15:12:14,610 - movie_logger - INFO - 187,클라우스
2022-03-03 15:12:14,649 - movie_logger - INFO - 188,클라우스
2022-03-03 15:12:14,686 - movie_logger - INFO - 189,클라우스
2022-03-03 15:12:14,720 - movie_logger - INFO - 190,클라우스
2022-03-03 15:12:14,854 - movie_logger - INFO - 다음 페이지 클릭
2022-03-03 15:12:14,897 - movie_logger - INFO - 191,클라우스
2022-03-03 15:12:14,932 - movie_logger - INFO - 192,클라우스
2022-03-03 15:12:14,969 - movie_logger - INFO - 193,클라우스
2022-03-03 15:12:15,006 - movie_logger - INFO - 194,클라우스
2022-03-03 15:12:15,042 - movie_logger - INFO - 195,클라우스
2022-03-03 15:12:15,080 - movie_logger - INFO - 196,클라우스
2022-03-03 15:12:15,119 - movie_logger - INFO - 197,클라우스
2022-03-03 15:12:15,155 - movie_logger - INFO - 198,클라우스
2022-03-03 15:12:15,190 - movie_logger - INFO - 199,클라우스
2022-03-03 15:12:15,223 - movie_logger - INFO - 200,클라우스
2022-03-03 15:12:15,372 - movie_logger - INFO - 다음 페이지 클릭
2022-03-03 15:12:15,422 - movie_logger - INFO - 201,클라우스
2022-03-03 15:12:15,458 - movie_logger - INFO - 202,클라우스
2022-03-03 15:12:15,495 - movie_logger - INFO - 203,클라우스
2022-03-03 15:12:15,530 - movie_logger - INFO - 204,클라우스
2022-03-03 15:12:15,564 - movie_logger - INFO - 205,클라우스
2022-03-03 15:12:15,601 - movie_logger - INFO - 206,클라우스
2022-03-03 15:12:15,636 - movie_logger - INFO - 207,클라우스
2022-03-03 15:12:15,674 - movie_logger - INFO - 208,클라우스
2022-03-03 15:12:15,713 - movie_logger - INFO - 209,클라우스
2022-03-03 15:12:15,754 - movie_logger - INFO - 210,클라우스
2022-03-03 15:12:15,884 - movie_logger - INFO - 다음 페이지 클릭
2022-03-03 15:12:15,927 - movie_logger - INFO - 211,클라우스
2022-03-03 15:12:15,963 - movie_logger - INFO - 212,클라우스
2022-03-03 15:12:16,015 - movie_logger - INFO - 213,클라우스
2022-03-03 15:12:16,077 - movie_logger - INFO - 214,클라우스
2022-03-03 15:12:16,112 - movie_logger - INFO - 215,클라우스
2022-03-03 15:12:16,150 - movie_logger - INFO - 216,클라우스
2022-03-03 15:12:16,189 - movie_logger - INFO - 217,클라우스
2022-03-03 15:12:16,226 - movie_logger - INFO - 218,클라우스
2022-03-03 15:12:16,261 - movie_logger - INFO - 219,클라우스
2022-03-03 15:12:16,298 - movie_logger - INFO - 220,클라우스
2022-03-03 15:12:16,436 - movie_logger - INFO - 다음 페이지 클릭
2022-03-03 15:12:16,481 - movie_logger - INFO - 221,클라우스
2022-03-03 15:12:16,519 - movie_logger - INFO - 222,클라우스
2022-03-03 15:12:16,556 - movie_logger - INFO - 223,클라우스
2022-03-03 15:12:16,595 - movie_logger - INFO - 224,클라우스
2022-03-03 15:12:16,633 - movie_logger - INFO - 225,클라우스
2022-03-03 15:12:16,668 - movie_logger - INFO - 226,클라우스
2022-03-03 15:12:16,706 - movie_logger - INFO - 227,클라우스
2022-03-03 15:12:16,745 - movie_logger - INFO - 228,클라우스
2022-03-03 15:12:16,781 - movie_logger - INFO - 229,클라우스
2022-03-03 15:12:16,818 - movie_logger - INFO - 230,클라우스
2022-03-03 15:12:16,952 - movie_logger - INFO - 다음 페이지 클릭
2022-03-03 15:12:16,994 - movie_logger - INFO - 231,클라우스
2022-03-03 15:12:17,030 - movie_logger - INFO - 232,클라우스
2022-03-03 15:12:17,067 - movie_logger - INFO - 233,클라우스
2022-03-03 15:12:17,102 - movie_logger - INFO - 234,클라우스
2022-03-03 15:12:17,141 - movie_logger - INFO - 235,클라우스
2022-03-03 15:12:17,183 - movie_logger - INFO - 236,클라우스
2022-03-03 15:12:17,223 - movie_logger - INFO - 237,클라우스
2022-03-03 15:12:17,261 - movie_logger - INFO - 238,클라우스
2022-03-03 15:12:17,298 - movie_logger - INFO - 239,클라우스
2022-03-03 15:12:17,335 - movie_logger - INFO - 240,클라우스
2022-03-03 15:12:17,466 - movie_logger - INFO - 다음 페이지 클릭
2022-03-03 15:12:17,509 - movie_logger - INFO - 241,클라우스
2022-03-03 15:12:17,547 - movie_logger - INFO - 242,클라우스
2022-03-03 15:12:17,584 - movie_logger - INFO - 243,클라우스
2022-03-03 15:12:17,620 - movie_logger - INFO - 244,클라우스
2022-03-03 15:12:17,659 - movie_logger - INFO - 245,클라우스
2022-03-03 15:12:17,703 - movie_logger - INFO - 246,클라우스
2022-03-03 15:12:17,743 - movie_logger - INFO - 247,클라우스
2022-03-03 15:12:17,784 - movie_logger - INFO - 248,클라우스
2022-03-03 15:12:17,827 - movie_logger - INFO - 249,클라우스
2022-03-03 15:12:17,863 - movie_logger - INFO - 250,클라우스
2022-03-03 15:12:17,994 - movie_logger - INFO - 다음 페이지 클릭
2022-03-03 15:12:18,042 - movie_logger - INFO - 251,클라우스
2022-03-03 15:12:18,084 - movie_logger - INFO - 252,클라우스
2022-03-03 15:12:18,123 - movie_logger - INFO - 253,클라우스
2022-03-03 15:12:18,169 - movie_logger - INFO - 254,클라우스
2022-03-03 15:12:18,210 - movie_logger - INFO - 255,클라우스
2022-03-03 15:12:18,249 - movie_logger - INFO - 256,클라우스
2022-03-03 15:12:18,286 - movie_logger - INFO - 257,클라우스
2022-03-03 15:12:18,325 - movie_logger - INFO - 258,클라우스
2022-03-03 15:12:18,365 - movie_logger - INFO - 259,클라우스
2022-03-03 15:12:18,409 - movie_logger - INFO - 260,클라우스
2022-03-03 15:12:18,628 - movie_logger - INFO - 다음 페이지 클릭
2022-03-03 15:12:18,715 - movie_logger - INFO - 261,클라우스
2022-03-03 15:12:18,768 - movie_logger - INFO - 262,클라우스
2022-03-03 15:12:18,830 - movie_logger - INFO - 263,클라우스
2022-03-03 15:12:18,877 - movie_logger - INFO - 264,클라우스
2022-03-03 15:12:18,928 - movie_logger - INFO - 265,클라우스
2022-03-03 15:12:18,971 - movie_logger - INFO - 266,클라우스
2022-03-03 15:12:19,017 - movie_logger - INFO - 267,클라우스
2022-03-03 15:12:19,062 - movie_logger - INFO - 268,클라우스
2022-03-03 15:12:19,112 - movie_logger - INFO - 269,클라우스
2022-03-03 15:12:19,152 - movie_logger - INFO - 270,클라우스
2022-03-03 15:12:19,287 - movie_logger - INFO - 다음 페이지 클릭
2022-03-03 15:12:19,337 - movie_logger - INFO - 271,클라우스
2022-03-03 15:12:19,381 - movie_logger - INFO - 272,클라우스
2022-03-03 15:12:19,423 - movie_logger - INFO - 273,클라우스
2022-03-03 15:12:19,462 - movie_logger - INFO - 274,클라우스
2022-03-03 15:12:19,499 - movie_logger - INFO - 275,클라우스
2022-03-03 15:12:19,539 - movie_logger - INFO - 276,클라우스
2022-03-03 15:12:19,584 - movie_logger - INFO - 277,클라우스
2022-03-03 15:12:19,626 - movie_logger - INFO - 278,클라우스
2022-03-03 15:12:19,668 - movie_logger - INFO - 279,클라우스
2022-03-03 15:12:19,714 - movie_logger - INFO - 280,클라우스
2022-03-03 15:12:19,856 - movie_logger - INFO - 다음 페이지 클릭
2022-03-03 15:12:19,899 - movie_logger - INFO - 281,클라우스
2022-03-03 15:12:19,936 - movie_logger - INFO - 282,클라우스
2022-03-03 15:12:19,975 - movie_logger - INFO - 283,클라우스
2022-03-03 15:12:20,016 - movie_logger - INFO - 284,클라우스
2022-03-03 15:12:20,060 - movie_logger - INFO - 285,클라우스
2022-03-03 15:12:20,103 - movie_logger - INFO - 286,클라우스
2022-03-03 15:12:20,144 - movie_logger - INFO - 287,클라우스
2022-03-03 15:12:20,184 - movie_logger - INFO - 288,클라우스
2022-03-03 15:12:20,223 - movie_logger - INFO - 289,클라우스
2022-03-03 15:12:20,262 - movie_logger - INFO - 290,클라우스
2022-03-03 15:12:20,404 - movie_logger - INFO - 다음 페이지 클릭
2022-03-03 15:12:20,450 - movie_logger - INFO - 291,클라우스
2022-03-03 15:12:20,488 - movie_logger - INFO - 292,클라우스
2022-03-03 15:12:20,526 - movie_logger - INFO - 293,클라우스
2022-03-03 15:12:20,567 - movie_logger - INFO - 294,클라우스
2022-03-03 15:12:20,611 - movie_logger - INFO - 295,클라우스
2022-03-03 15:12:20,655 - movie_logger - INFO - 296,클라우스
2022-03-03 15:12:20,697 - movie_logger - INFO - 297,클라우스
2022-03-03 15:12:20,735 - movie_logger - INFO - 298,클라우스
2022-03-03 15:12:20,774 - movie_logger - INFO - 299,클라우스
2022-03-03 15:12:20,813 - movie_logger - INFO - 300,클라우스
2022-03-03 15:12:20,942 - movie_logger - INFO - 다음 페이지 클릭
2022-03-03 15:12:20,989 - movie_logger - INFO - 301,클라우스
2022-03-03 15:12:21,033 - movie_logger - INFO - 302,클라우스
2022-03-03 15:12:21,076 - movie_logger - INFO - 303,클라우스
2022-03-03 15:12:21,118 - movie_logger - INFO - 304,클라우스
2022-03-03 15:12:21,161 - movie_logger - INFO - 305,클라우스
2022-03-03 15:12:21,203 - movie_logger - INFO - 306,클라우스
2022-03-03 15:12:21,207 - movie_logger - ERROR - 클라우스 수집완료...
2022-03-03 15:12:21,417 - movie_logger - INFO - 네이버 영화 랭킹 1페이지 이동...
2022-03-03 15:12:21,441 - movie_logger - INFO - 2-장민호 드라마 최종회 영화 제목 클릭... :
2022-03-03 15:12:22,131 - movie_logger - INFO - 영화 평점 클릭... :
2022-03-03 15:12:22,167 - movie_logger - INFO - 영화 제목 수집 : 장민호 드라마 최종회
2022-03-03 15:12:22,221 - movie_logger - INFO - iframe으로 전환
2022-03-03 15:12:22,266 - movie_logger - INFO - 1,장민호 드라마 최종회
2022-03-03 15:12:22,309 - movie_logger - INFO - 2,장민호 드라마 최종회
2022-03-03 15:12:22,352 - movie_logger - INFO - 3,장민호 드라마 최종회
2022-03-03 15:12:22,395 - movie_logger - INFO - 4,장민호 드라마 최종회
2022-03-03 15:12:22,436 - movie_logger - INFO - 5,장민호 드라마 최종회
2022-03-03 15:12:22,474 - movie_logger - INFO - 6,장민호 드라마 최종회
2022-03-03 15:12:22,515 - movie_logger - INFO - 7,장민호 드라마 최종회
2022-03-03 15:12:22,557 - movie_logger - INFO - 8,장민호 드라마 최종회
2022-03-03 15:12:22,604 - movie_logger - INFO - 9,장민호 드라마 최종회
2022-03-03 15:12:22,648 - movie_logger - INFO - 10,장민호 드라마 최종회
2022-03-03 15:12:22,773 - movie_logger - INFO - 다음 페이지 클릭
2022-03-03 15:12:22,822 - movie_logger - INFO - 11,장민호 드라마 최종회
2022-03-03 15:12:22,864 - movie_logger - INFO - 12,장민호 드라마 최종회
2022-03-03 15:12:22,907 - movie_logger - INFO - 13,장민호 드라마 최종회
2022-03-03 15:12:22,954 - movie_logger - INFO - 14,장민호 드라마 최종회
2022-03-03 15:12:22,999 - movie_logger - INFO - 15,장민호 드라마 최종회
2022-03-03 15:12:23,046 - movie_logger - INFO - 16,장민호 드라마 최종회
2022-03-03 15:12:23,090 - movie_logger - INFO - 17,장민호 드라마 최종회
2022-03-03 15:12:23,133 - movie_logger - INFO - 18,장민호 드라마 최종회
2022-03-03 15:12:23,173 - movie_logger - INFO - 19,장민호 드라마 최종회
2022-03-03 15:12:23,217 - movie_logger - INFO - 20,장민호 드라마 최종회
2022-03-03 15:12:23,366 - movie_logger - INFO - 다음 페이지 클릭
2022-03-03 15:12:23,412 - movie_logger - INFO - 21,장민호 드라마 최종회
2022-03-03 15:12:23,452 - movie_logger - INFO - 22,장민호 드라마 최종회
2022-03-03 15:12:23,493 - movie_logger - INFO - 23,장민호 드라마 최종회
2022-03-03 15:12:23,535 - movie_logger - INFO - 24,장민호 드라마 최종회
2022-03-03 15:12:23,589 - movie_logger - INFO - 25,장민호 드라마 최종회
2022-03-03 15:12:23,630 - movie_logger - INFO - 26,장민호 드라마 최종회
2022-03-03 15:12:23,671 - movie_logger - INFO - 27,장민호 드라마 최종회
2022-03-03 15:12:23,711 - movie_logger - INFO - 28,장민호 드라마 최종회
2022-03-03 15:12:23,750 - movie_logger - INFO - 29,장민호 드라마 최종회
2022-03-03 15:12:23,789 - movie_logger - INFO - 30,장민호 드라마 최종회
2022-03-03 15:12:23,925 - movie_logger - INFO - 다음 페이지 클릭
2022-03-03 15:12:23,971 - movie_logger - INFO - 31,장민호 드라마 최종회
2022-03-03 15:12:24,010 - movie_logger - INFO - 32,장민호 드라마 최종회
2022-03-03 15:12:24,050 - movie_logger - INFO - 33,장민호 드라마 최종회
2022-03-03 15:12:24,091 - movie_logger - INFO - 34,장민호 드라마 최종회
2022-03-03 15:12:24,133 - movie_logger - INFO - 35,장민호 드라마 최종회
2022-03-03 15:12:24,171 - movie_logger - INFO - 36,장민호 드라마 최종회
2022-03-03 15:12:24,212 - movie_logger - INFO - 37,장민호 드라마 최종회
2022-03-03 15:12:24,255 - movie_logger - INFO - 38,장민호 드라마 최종회
2022-03-03 15:12:24,296 - movie_logger - INFO - 39,장민호 드라마 최종회
2022-03-03 15:12:24,336 - movie_logger - INFO - 40,장민호 드라마 최종회
2022-03-03 15:12:24,467 - movie_logger - INFO - 다음 페이지 클릭
2022-03-03 15:12:24,511 - movie_logger - INFO - 41,장민호 드라마 최종회
2022-03-03 15:12:24,551 - movie_logger - INFO - 42,장민호 드라마 최종회
2022-03-03 15:12:24,601 - movie_logger - INFO - 43,장민호 드라마 최종회
2022-03-03 15:12:24,646 - movie_logger - INFO - 44,장민호 드라마 최종회
2022-03-03 15:12:24,692 - movie_logger - INFO - 45,장민호 드라마 최종회
2022-03-03 15:12:24,737 - movie_logger - INFO - 46,장민호 드라마 최종회
2022-03-03 15:12:24,776 - movie_logger - INFO - 47,장민호 드라마 최종회
2022-03-03 15:12:24,816 - movie_logger - INFO - 48,장민호 드라마 최종회
2022-03-03 15:12:24,854 - movie_logger - INFO - 49,장민호 드라마 최종회
2022-03-03 15:12:24,893 - movie_logger - INFO - 50,장민호 드라마 최종회
2022-03-03 15:12:25,025 - movie_logger - INFO - 다음 페이지 클릭
2022-03-03 15:12:25,071 - movie_logger - INFO - 51,장민호 드라마 최종회
2022-03-03 15:12:25,110 - movie_logger - INFO - 52,장민호 드라마 최종회
2022-03-03 15:12:25,149 - movie_logger - INFO - 53,장민호 드라마 최종회
2022-03-03 15:12:25,187 - movie_logger - INFO - 54,장민호 드라마 최종회
2022-03-03 15:12:25,227 - movie_logger - INFO - 55,장민호 드라마 최종회
2022-03-03 15:12:25,271 - movie_logger - INFO - 56,장민호 드라마 최종회
2022-03-03 15:12:25,314 - movie_logger - INFO - 57,장민호 드라마 최종회
2022-03-03 15:12:25,354 - movie_logger - INFO - 58,장민호 드라마 최종회
2022-03-03 15:12:25,394 - movie_logger - INFO - 59,장민호 드라마 최종회
2022-03-03 15:12:25,432 - movie_logger - INFO - 60,장민호 드라마 최종회
2022-03-03 15:12:25,560 - movie_logger - INFO - 다음 페이지 클릭
2022-03-03 15:12:25,616 - movie_logger - INFO - 61,장민호 드라마 최종회
2022-03-03 15:12:25,657 - movie_logger - INFO - 62,장민호 드라마 최종회
2022-03-03 15:12:25,696 - movie_logger - INFO - 63,장민호 드라마 최종회
2022-03-03 15:12:25,735 - movie_logger - INFO - 64,장민호 드라마 최종회
2022-03-03 15:12:25,781 - movie_logger - INFO - 65,장민호 드라마 최종회
2022-03-03 15:12:25,827 - movie_logger - INFO - 66,장민호 드라마 최종회
2022-03-03 15:12:25,872 - movie_logger - INFO - 67,장민호 드라마 최종회
2022-03-03 15:12:25,915 - movie_logger - INFO - 68,장민호 드라마 최종회
2022-03-03 15:12:25,953 - movie_logger - INFO - 69,장민호 드라마 최종회
2022-03-03 15:12:25,996 - movie_logger - INFO - 70,장민호 드라마 최종회
2022-03-03 15:12:26,127 - movie_logger - INFO - 다음 페이지 클릭
2022-03-03 15:12:26,177 - movie_logger - INFO - 71,장민호 드라마 최종회
2022-03-03 15:12:26,219 - movie_logger - INFO - 72,장민호 드라마 최종회
2022-03-03 15:12:26,260 - movie_logger - INFO - 73,장민호 드라마 최종회
2022-03-03 15:12:26,301 - movie_logger - INFO - 74,장민호 드라마 최종회
2022-03-03 15:12:26,342 - movie_logger - INFO - 75,장민호 드라마 최종회
2022-03-03 15:12:26,383 - movie_logger - INFO - 76,장민호 드라마 최종회
2022-03-03 15:12:26,427 - movie_logger - INFO - 77,장민호 드라마 최종회
2022-03-03 15:12:26,471 - movie_logger - INFO - 78,장민호 드라마 최종회
2022-03-03 15:12:26,514 - movie_logger - INFO - 79,장민호 드라마 최종회
2022-03-03 15:12:26,554 - movie_logger - INFO - 80,장민호 드라마 최종회
2022-03-03 15:12:26,689 - movie_logger - INFO - 다음 페이지 클릭
2022-03-03 15:12:26,743 - movie_logger - INFO - 81,장민호 드라마 최종회
2022-03-03 15:12:26,787 - movie_logger - INFO - 82,장민호 드라마 최종회
2022-03-03 15:12:26,827 - movie_logger - INFO - 83,장민호 드라마 최종회
2022-03-03 15:12:26,868 - movie_logger - INFO - 84,장민호 드라마 최종회
2022-03-03 15:12:26,910 - movie_logger - INFO - 85,장민호 드라마 최종회
2022-03-03 15:12:26,952 - movie_logger - INFO - 86,장민호 드라마 최종회
2022-03-03 15:12:26,992 - movie_logger - INFO - 87,장민호 드라마 최종회
2022-03-03 15:12:27,037 - movie_logger - INFO - 88,장민호 드라마 최종회
2022-03-03 15:12:27,080 - movie_logger - INFO - 89,장민호 드라마 최종회
2022-03-03 15:12:27,123 - movie_logger - INFO - 90,장민호 드라마 최종회
2022-03-03 15:12:27,257 - movie_logger - INFO - 다음 페이지 클릭
2022-03-03 15:12:27,318 - movie_logger - INFO - 91,장민호 드라마 최종회
2022-03-03 15:12:27,370 - movie_logger - INFO - 92,장민호 드라마 최종회
2022-03-03 15:12:27,414 - movie_logger - INFO - 93,장민호 드라마 최종회
2022-03-03 15:12:27,454 - movie_logger - INFO - 94,장민호 드라마 최종회
2022-03-03 15:12:27,495 - movie_logger - INFO - 95,장민호 드라마 최종회
2022-03-03 15:12:27,537 - movie_logger - INFO - 96,장민호 드라마 최종회
2022-03-03 15:12:27,577 - movie_logger - INFO - 97,장민호 드라마 최종회
2022-03-03 15:12:27,626 - movie_logger - INFO - 98,장민호 드라마 최종회
2022-03-03 15:12:27,671 - movie_logger - INFO - 99,장민호 드라마 최종회
2022-03-03 15:12:27,712 - movie_logger - INFO - 100,장민호 드라마 최종회
2022-03-03 15:12:27,838 - movie_logger - INFO - 다음 페이지 클릭
2022-03-03 15:12:27,890 - movie_logger - INFO - 101,장민호 드라마 최종회
2022-03-03 15:12:27,936 - movie_logger - INFO - 102,장민호 드라마 최종회
2022-03-03 15:12:27,978 - movie_logger - INFO - 103,장민호 드라마 최종회
2022-03-03 15:12:28,018 - movie_logger - INFO - 104,장민호 드라마 최종회
2022-03-03 15:12:28,059 - movie_logger - INFO - 105,장민호 드라마 최종회
2022-03-03 15:12:28,101 - movie_logger - INFO - 106,장민호 드라마 최종회
2022-03-03 15:12:28,145 - movie_logger - INFO - 107,장민호 드라마 최종회
2022-03-03 15:12:28,194 - movie_logger - INFO - 108,장민호 드라마 최종회
2022-03-03 15:12:28,237 - movie_logger - INFO - 109,장민호 드라마 최종회
2022-03-03 15:12:28,279 - movie_logger - INFO - 110,장민호 드라마 최종회
2022-03-03 15:12:28,419 - movie_logger - INFO - 다음 페이지 클릭
2022-03-03 15:12:28,468 - movie_logger - INFO - 111,장민호 드라마 최종회
2022-03-03 15:12:28,515 - movie_logger - INFO - 112,장민호 드라마 최종회
2022-03-03 15:12:28,563 - movie_logger - INFO - 113,장민호 드라마 최종회
2022-03-03 15:12:28,609 - movie_logger - INFO - 114,장민호 드라마 최종회
2022-03-03 15:12:28,655 - movie_logger - INFO - 115,장민호 드라마 최종회
2022-03-03 15:12:28,698 - movie_logger - INFO - 116,장민호 드라마 최종회
2022-03-03 15:12:28,740 - movie_logger - INFO - 117,장민호 드라마 최종회
2022-03-03 15:12:28,783 - movie_logger - INFO - 118,장민호 드라마 최종회
2022-03-03 15:12:28,825 - movie_logger - INFO - 119,장민호 드라마 최종회
2022-03-03 15:12:28,868 - movie_logger - INFO - 120,장민호 드라마 최종회
2022-03-03 15:12:29,007 - movie_logger - INFO - 다음 페이지 클릭
2022-03-03 15:12:29,054 - movie_logger - INFO - 121,장민호 드라마 최종회
2022-03-03 15:12:29,100 - movie_logger - INFO - 122,장민호 드라마 최종회
2022-03-03 15:12:29,144 - movie_logger - INFO - 123,장민호 드라마 최종회
2022-03-03 15:12:29,188 - movie_logger - INFO - 124,장민호 드라마 최종회
2022-03-03 15:12:29,231 - movie_logger - INFO - 125,장민호 드라마 최종회
2022-03-03 15:12:29,274 - movie_logger - INFO - 126,장민호 드라마 최종회
2022-03-03 15:12:29,318 - movie_logger - INFO - 127,장민호 드라마 최종회
2022-03-03 15:12:29,360 - movie_logger - INFO - 128,장민호 드라마 최종회
2022-03-03 15:12:29,404 - movie_logger - INFO - 129,장민호 드라마 최종회
2022-03-03 15:12:29,451 - movie_logger - INFO - 130,장민호 드라마 최종회
2022-03-03 15:12:29,589 - movie_logger - INFO - 다음 페이지 클릭
2022-03-03 15:12:29,637 - movie_logger - INFO - 131,장민호 드라마 최종회
2022-03-03 15:12:29,682 - movie_logger - INFO - 132,장민호 드라마 최종회
2022-03-03 15:12:29,728 - movie_logger - INFO - 133,장민호 드라마 최종회
2022-03-03 15:12:29,771 - movie_logger - INFO - 134,장민호 드라마 최종회
2022-03-03 15:12:29,814 - movie_logger - INFO - 135,장민호 드라마 최종회
2022-03-03 15:12:29,859 - movie_logger - INFO - 136,장민호 드라마 최종회
2022-03-03 15:12:29,903 - movie_logger - INFO - 137,장민호 드라마 최종회
2022-03-03 15:12:29,947 - movie_logger - INFO - 138,장민호 드라마 최종회
2022-03-03 15:12:29,993 - movie_logger - INFO - 139,장민호 드라마 최종회
2022-03-03 15:12:30,039 - movie_logger - INFO - 140,장민호 드라마 최종회
2022-03-03 15:12:30,173 - movie_logger - INFO - 다음 페이지 클릭
2022-03-03 15:12:30,223 - movie_logger - INFO - 141,장민호 드라마 최종회
2022-03-03 15:12:30,267 - movie_logger - INFO - 142,장민호 드라마 최종회
2022-03-03 15:12:30,314 - movie_logger - INFO - 143,장민호 드라마 최종회
2022-03-03 15:12:30,359 - movie_logger - INFO - 144,장민호 드라마 최종회
2022-03-03 15:12:30,403 - movie_logger - INFO - 145,장민호 드라마 최종회
2022-03-03 15:12:30,447 - movie_logger - INFO - 146,장민호 드라마 최종회
2022-03-03 15:12:30,494 - movie_logger - INFO - 147,장민호 드라마 최종회
2022-03-03 15:12:30,536 - movie_logger - INFO - 148,장민호 드라마 최종회
2022-03-03 15:12:30,581 - movie_logger - INFO - 149,장민호 드라마 최종회
2022-03-03 15:12:30,627 - movie_logger - INFO - 150,장민호 드라마 최종회
2022-03-03 15:12:30,767 - movie_logger - INFO - 다음 페이지 클릭
2022-03-03 15:12:30,817 - movie_logger - INFO - 151,장민호 드라마 최종회
2022-03-03 15:12:30,862 - movie_logger - INFO - 152,장민호 드라마 최종회
2022-03-03 15:12:30,907 - movie_logger - INFO - 153,장민호 드라마 최종회
2022-03-03 15:12:30,954 - movie_logger - INFO - 154,장민호 드라마 최종회
2022-03-03 15:12:30,999 - movie_logger - INFO - 155,장민호 드라마 최종회
2022-03-03 15:12:31,041 - movie_logger - INFO - 156,장민호 드라마 최종회
2022-03-03 15:12:31,082 - movie_logger - INFO - 157,장민호 드라마 최종회
2022-03-03 15:12:31,125 - movie_logger - INFO - 158,장민호 드라마 최종회
2022-03-03 15:12:31,174 - movie_logger - INFO - 159,장민호 드라마 최종회
2022-03-03 15:12:31,215 - movie_logger - INFO - 160,장민호 드라마 최종회
2022-03-03 15:12:31,355 - movie_logger - INFO - 다음 페이지 클릭
2022-03-03 15:12:31,405 - movie_logger - INFO - 161,장민호 드라마 최종회
2022-03-03 15:12:31,450 - movie_logger - INFO - 162,장민호 드라마 최종회
2022-03-03 15:12:31,494 - movie_logger - INFO - 163,장민호 드라마 최종회
2022-03-03 15:12:31,541 - movie_logger - INFO - 164,장민호 드라마 최종회
2022-03-03 15:12:31,586 - movie_logger - INFO - 165,장민호 드라마 최종회
2022-03-03 15:12:31,629 - movie_logger - INFO - 166,장민호 드라마 최종회
2022-03-03 15:12:31,675 - movie_logger - INFO - 167,장민호 드라마 최종회
2022-03-03 15:12:31,721 - movie_logger - INFO - 168,장민호 드라마 최종회
2022-03-03 15:12:31,764 - movie_logger - INFO - 169,장민호 드라마 최종회
2022-03-03 15:12:31,806 - movie_logger - INFO - 170,장민호 드라마 최종회
2022-03-03 15:12:31,950 - movie_logger - INFO - 다음 페이지 클릭
2022-03-03 15:12:31,996 - movie_logger - INFO - 171,장민호 드라마 최종회
2022-03-03 15:12:32,040 - movie_logger - INFO - 172,장민호 드라마 최종회
2022-03-03 15:12:32,086 - movie_logger - INFO - 173,장민호 드라마 최종회
2022-03-03 15:12:32,134 - movie_logger - INFO - 174,장민호 드라마 최종회
2022-03-03 15:12:32,185 - movie_logger - INFO - 175,장민호 드라마 최종회
2022-03-03 15:12:32,231 - movie_logger - INFO - 176,장민호 드라마 최종회
2022-03-03 15:12:32,276 - movie_logger - INFO - 177,장민호 드라마 최종회
2022-03-03 15:12:32,325 - movie_logger - INFO - 178,장민호 드라마 최종회
2022-03-03 15:12:32,372 - movie_logger - INFO - 179,장민호 드라마 최종회
2022-03-03 15:12:32,419 - movie_logger - INFO - 180,장민호 드라마 최종회
2022-03-03 15:12:32,574 - movie_logger - INFO - 다음 페이지 클릭
2022-03-03 15:12:32,627 - movie_logger - INFO - 181,장민호 드라마 최종회
2022-03-03 15:12:32,674 - movie_logger - INFO - 182,장민호 드라마 최종회
2022-03-03 15:12:32,723 - movie_logger - INFO - 183,장민호 드라마 최종회
2022-03-03 15:12:32,765 - movie_logger - INFO - 184,장민호 드라마 최종회
2022-03-03 15:12:32,809 - movie_logger - INFO - 185,장민호 드라마 최종회
2022-03-03 15:12:32,853 - movie_logger - INFO - 186,장민호 드라마 최종회
2022-03-03 15:12:32,897 - movie_logger - INFO - 187,장민호 드라마 최종회
2022-03-03 15:12:32,945 - movie_logger - INFO - 188,장민호 드라마 최종회
2022-03-03 15:12:33,003 - movie_logger - INFO - 189,장민호 드라마 최종회
2022-03-03 15:12:33,055 - movie_logger - INFO - 190,장민호 드라마 최종회
2022-03-03 15:12:33,193 - movie_logger - INFO - 다음 페이지 클릭
2022-03-03 15:12:33,241 - movie_logger - INFO - 191,장민호 드라마 최종회
2022-03-03 15:12:33,289 - movie_logger - INFO - 192,장민호 드라마 최종회
2022-03-03 15:12:33,335 - movie_logger - INFO - 193,장민호 드라마 최종회
2022-03-03 15:12:33,379 - movie_logger - INFO - 194,장민호 드라마 최종회
2022-03-03 15:12:33,424 - movie_logger - INFO - 195,장민호 드라마 최종회
2022-03-03 15:12:33,468 - movie_logger - INFO - 196,장민호 드라마 최종회
2022-03-03 15:12:33,514 - movie_logger - INFO - 197,장민호 드라마 최종회
2022-03-03 15:12:33,561 - movie_logger - INFO - 198,장민호 드라마 최종회
2022-03-03 15:12:33,608 - movie_logger - INFO - 199,장민호 드라마 최종회
2022-03-03 15:12:33,653 - movie_logger - INFO - 200,장민호 드라마 최종회
2022-03-03 15:12:33,787 - movie_logger - INFO - 다음 페이지 클릭
2022-03-03 15:12:33,838 - movie_logger - INFO - 201,장민호 드라마 최종회
2022-03-03 15:12:33,885 - movie_logger - INFO - 202,장민호 드라마 최종회
2022-03-03 15:12:33,932 - movie_logger - INFO - 203,장민호 드라마 최종회
2022-03-03 15:12:33,980 - movie_logger - INFO - 204,장민호 드라마 최종회
2022-03-03 15:12:34,027 - movie_logger - INFO - 205,장민호 드라마 최종회
2022-03-03 15:12:34,073 - movie_logger - INFO - 206,장민호 드라마 최종회
2022-03-03 15:12:34,120 - movie_logger - INFO - 207,장민호 드라마 최종회
2022-03-03 15:12:34,166 - movie_logger - INFO - 208,장민호 드라마 최종회
2022-03-03 15:12:34,214 - movie_logger - INFO - 209,장민호 드라마 최종회
2022-03-03 15:12:34,262 - movie_logger - INFO - 210,장민호 드라마 최종회
2022-03-03 15:12:34,392 - movie_logger - INFO - 다음 페이지 클릭
2022-03-03 15:12:34,444 - movie_logger - INFO - 211,장민호 드라마 최종회
2022-03-03 15:12:34,491 - movie_logger - INFO - 212,장민호 드라마 최종회
2022-03-03 15:12:34,538 - movie_logger - INFO - 213,장민호 드라마 최종회
2022-03-03 15:12:34,583 - movie_logger - INFO - 214,장민호 드라마 최종회
2022-03-03 15:12:34,626 - movie_logger - INFO - 215,장민호 드라마 최종회
2022-03-03 15:12:34,675 - movie_logger - INFO - 216,장민호 드라마 최종회
2022-03-03 15:12:34,724 - movie_logger - INFO - 217,장민호 드라마 최종회
2022-03-03 15:12:34,770 - movie_logger - INFO - 218,장민호 드라마 최종회
2022-03-03 15:12:34,818 - movie_logger - INFO - 219,장민호 드라마 최종회
2022-03-03 15:12:34,865 - movie_logger - INFO - 220,장민호 드라마 최종회
2022-03-03 15:12:35,001 - movie_logger - INFO - 다음 페이지 클릭
2022-03-03 15:12:35,053 - movie_logger - INFO - 221,장민호 드라마 최종회
2022-03-03 15:12:35,099 - movie_logger - INFO - 222,장민호 드라마 최종회
2022-03-03 15:12:35,149 - movie_logger - INFO - 223,장민호 드라마 최종회
2022-03-03 15:12:35,196 - movie_logger - INFO - 224,장민호 드라마 최종회
2022-03-03 15:12:35,242 - movie_logger - INFO - 225,장민호 드라마 최종회
2022-03-03 15:12:35,291 - movie_logger - INFO - 226,장민호 드라마 최종회
2022-03-03 15:12:35,337 - movie_logger - INFO - 227,장민호 드라마 최종회
2022-03-03 15:12:35,384 - movie_logger - INFO - 228,장민호 드라마 최종회
2022-03-03 15:12:35,430 - movie_logger - INFO - 229,장민호 드라마 최종회
2022-03-03 15:12:35,482 - movie_logger - INFO - 230,장민호 드라마 최종회
2022-03-03 15:12:35,617 - movie_logger - INFO - 다음 페이지 클릭
2022-03-03 15:12:35,668 - movie_logger - INFO - 231,장민호 드라마 최종회
2022-03-03 15:12:35,716 - movie_logger - INFO - 232,장민호 드라마 최종회
2022-03-03 15:12:35,765 - movie_logger - INFO - 233,장민호 드라마 최종회
2022-03-03 15:12:35,809 - movie_logger - INFO - 234,장민호 드라마 최종회
2022-03-03 15:12:35,860 - movie_logger - INFO - 235,장민호 드라마 최종회
2022-03-03 15:12:35,911 - movie_logger - INFO - 236,장민호 드라마 최종회
2022-03-03 15:12:35,959 - movie_logger - INFO - 237,장민호 드라마 최종회
2022-03-03 15:12:36,008 - movie_logger - INFO - 238,장민호 드라마 최종회
2022-03-03 15:12:36,056 - movie_logger - INFO - 239,장민호 드라마 최종회
2022-03-03 15:12:36,103 - movie_logger - INFO - 240,장민호 드라마 최종회
2022-03-03 15:12:36,234 - movie_logger - INFO - 다음 페이지 클릭
2022-03-03 15:12:36,292 - movie_logger - INFO - 241,장민호 드라마 최종회
2022-03-03 15:12:36,340 - movie_logger - INFO - 242,장민호 드라마 최종회
2022-03-03 15:12:36,385 - movie_logger - INFO - 243,장민호 드라마 최종회
2022-03-03 15:12:36,434 - movie_logger - INFO - 244,장민호 드라마 최종회
2022-03-03 15:12:36,482 - movie_logger - INFO - 245,장민호 드라마 최종회
2022-03-03 15:12:36,529 - movie_logger - INFO - 246,장민호 드라마 최종회
2022-03-03 15:12:36,578 - movie_logger - INFO - 247,장민호 드라마 최종회
2022-03-03 15:12:36,626 - movie_logger - INFO - 248,장민호 드라마 최종회
2022-03-03 15:12:36,673 - movie_logger - INFO - 249,장민호 드라마 최종회
2022-03-03 15:12:36,720 - movie_logger - INFO - 250,장민호 드라마 최종회
2022-03-03 15:12:36,853 - movie_logger - INFO - 다음 페이지 클릭
2022-03-03 15:12:36,912 - movie_logger - INFO - 251,장민호 드라마 최종회
2022-03-03 15:12:36,957 - movie_logger - INFO - 252,장민호 드라마 최종회
2022-03-03 15:12:37,004 - movie_logger - INFO - 253,장민호 드라마 최종회
2022-03-03 15:12:37,050 - movie_logger - INFO - 254,장민호 드라마 최종회
2022-03-03 15:12:37,097 - movie_logger - INFO - 255,장민호 드라마 최종회
2022-03-03 15:12:37,145 - movie_logger - INFO - 256,장민호 드라마 최종회
2022-03-03 15:12:37,196 - movie_logger - INFO - 257,장민호 드라마 최종회
2022-03-03 15:12:37,241 - movie_logger - INFO - 258,장민호 드라마 최종회
2022-03-03 15:12:37,293 - movie_logger - INFO - 259,장민호 드라마 최종회
2022-03-03 15:12:37,343 - movie_logger - INFO - 260,장민호 드라마 최종회
2022-03-03 15:12:37,472 - movie_logger - INFO - 다음 페이지 클릭
2022-03-03 15:12:37,524 - movie_logger - INFO - 261,장민호 드라마 최종회
2022-03-03 15:12:37,573 - movie_logger - INFO - 262,장민호 드라마 최종회
2022-03-03 15:12:37,620 - movie_logger - INFO - 263,장민호 드라마 최종회
2022-03-03 15:12:37,667 - movie_logger - INFO - 264,장민호 드라마 최종회
2022-03-03 15:12:37,717 - movie_logger - INFO - 265,장민호 드라마 최종회
2022-03-03 15:12:37,769 - movie_logger - INFO - 266,장민호 드라마 최종회
2022-03-03 15:12:37,819 - movie_logger - INFO - 267,장민호 드라마 최종회
2022-03-03 15:12:37,870 - movie_logger - INFO - 268,장민호 드라마 최종회
2022-03-03 15:12:37,919 - movie_logger - INFO - 269,장민호 드라마 최종회
2022-03-03 15:12:37,965 - movie_logger - INFO - 270,장민호 드라마 최종회
2022-03-03 15:12:38,103 - movie_logger - INFO - 다음 페이지 클릭
2022-03-03 15:12:38,158 - movie_logger - INFO - 271,장민호 드라마 최종회
2022-03-03 15:12:38,206 - movie_logger - INFO - 272,장민호 드라마 최종회
2022-03-03 15:12:38,254 - movie_logger - INFO - 273,장민호 드라마 최종회
2022-03-03 15:12:38,306 - movie_logger - INFO - 274,장민호 드라마 최종회
2022-03-03 15:12:38,354 - movie_logger - INFO - 275,장민호 드라마 최종회
2022-03-03 15:12:38,404 - movie_logger - INFO - 276,장민호 드라마 최종회
2022-03-03 15:12:38,453 - movie_logger - INFO - 277,장민호 드라마 최종회
2022-03-03 15:12:38,500 - movie_logger - INFO - 278,장민호 드라마 최종회
2022-03-03 15:12:38,548 - movie_logger - INFO - 279,장민호 드라마 최종회
2022-03-03 15:12:38,601 - movie_logger - INFO - 280,장민호 드라마 최종회
2022-03-03 15:12:38,736 - movie_logger - INFO - 다음 페이지 클릭
2022-03-03 15:12:38,792 - movie_logger - INFO - 281,장민호 드라마 최종회
2022-03-03 15:12:38,839 - movie_logger - INFO - 282,장민호 드라마 최종회
2022-03-03 15:12:38,890 - movie_logger - INFO - 283,장민호 드라마 최종회
2022-03-03 15:12:38,936 - movie_logger - INFO - 284,장민호 드라마 최종회
2022-03-03 15:12:38,984 - movie_logger - INFO - 285,장민호 드라마 최종회
2022-03-03 15:12:39,032 - movie_logger - INFO - 286,장민호 드라마 최종회
2022-03-03 15:12:39,082 - movie_logger - INFO - 287,장민호 드라마 최종회
2022-03-03 15:12:39,135 - movie_logger - INFO - 288,장민호 드라마 최종회
2022-03-03 15:12:39,186 - movie_logger - INFO - 289,장민호 드라마 최종회
2022-03-03 15:12:39,232 - movie_logger - INFO - 290,장민호 드라마 최종회
2022-03-03 15:12:39,367 - movie_logger - INFO - 다음 페이지 클릭
2022-03-03 15:12:39,423 - movie_logger - INFO - 291,장민호 드라마 최종회
2022-03-03 15:12:39,476 - movie_logger - INFO - 292,장민호 드라마 최종회
2022-03-03 15:12:39,526 - movie_logger - INFO - 293,장민호 드라마 최종회
2022-03-03 15:12:39,576 - movie_logger - INFO - 294,장민호 드라마 최종회
2022-03-03 15:12:39,628 - movie_logger - INFO - 295,장민호 드라마 최종회
2022-03-03 15:12:39,678 - movie_logger - INFO - 296,장민호 드라마 최종회
2022-03-03 15:12:39,731 - movie_logger - INFO - 297,장민호 드라마 최종회
2022-03-03 15:12:39,783 - movie_logger - INFO - 298,장민호 드라마 최종회
2022-03-03 15:12:39,830 - movie_logger - INFO - 299,장민호 드라마 최종회
2022-03-03 15:12:39,879 - movie_logger - INFO - 300,장민호 드라마 최종회
2022-03-03 15:12:40,018 - movie_logger - INFO - 다음 페이지 클릭
2022-03-03 15:12:40,074 - movie_logger - INFO - 301,장민호 드라마 최종회
2022-03-03 15:12:40,122 - movie_logger - INFO - 302,장민호 드라마 최종회
2022-03-03 15:12:40,169 - movie_logger - INFO - 303,장민호 드라마 최종회
2022-03-03 15:12:40,220 - movie_logger - INFO - 304,장민호 드라마 최종회
2022-03-03 15:12:40,274 - movie_logger - INFO - 305,장민호 드라마 최종회
2022-03-03 15:12:40,322 - movie_logger - INFO - 306,장민호 드라마 최종회
2022-03-03 15:12:40,369 - movie_logger - INFO - 307,장민호 드라마 최종회
2022-03-03 15:12:40,418 - movie_logger - INFO - 308,장민호 드라마 최종회
2022-03-03 15:12:40,466 - movie_logger - INFO - 309,장민호 드라마 최종회
2022-03-03 15:12:40,518 - movie_logger - INFO - 310,장민호 드라마 최종회
2022-03-03 15:12:40,652 - movie_logger - INFO - 다음 페이지 클릭
2022-03-03 15:12:40,709 - movie_logger - INFO - 311,장민호 드라마 최종회
2022-03-03 15:12:40,761 - movie_logger - INFO - 312,장민호 드라마 최종회
2022-03-03 15:12:40,815 - movie_logger - INFO - 313,장민호 드라마 최종회
2022-03-03 15:12:40,863 - movie_logger - INFO - 314,장민호 드라마 최종회
2022-03-03 15:12:40,913 - movie_logger - INFO - 315,장민호 드라마 최종회
2022-03-03 15:12:40,963 - movie_logger - INFO - 316,장민호 드라마 최종회
2022-03-03 15:12:41,012 - movie_logger - INFO - 317,장민호 드라마 최종회
2022-03-03 15:12:41,067 - movie_logger - INFO - 318,장민호 드라마 최종회
2022-03-03 15:12:41,115 - movie_logger - INFO - 319,장민호 드라마 최종회
2022-03-03 15:12:41,163 - movie_logger - INFO - 320,장민호 드라마 최종회
2022-03-03 15:12:41,300 - movie_logger - INFO - 다음 페이지 클릭
2022-03-03 15:12:41,357 - movie_logger - INFO - 321,장민호 드라마 최종회
2022-03-03 15:12:41,409 - movie_logger - INFO - 322,장민호 드라마 최종회
2022-03-03 15:12:41,462 - movie_logger - INFO - 323,장민호 드라마 최종회
2022-03-03 15:12:41,510 - movie_logger - INFO - 324,장민호 드라마 최종회
2022-03-03 15:12:41,560 - movie_logger - INFO - 325,장민호 드라마 최종회
2022-03-03 15:12:41,613 - movie_logger - INFO - 326,장민호 드라마 최종회
2022-03-03 15:12:41,662 - movie_logger - INFO - 327,장민호 드라마 최종회
2022-03-03 15:12:41,712 - movie_logger - INFO - 328,장민호 드라마 최종회
2022-03-03 15:12:41,761 - movie_logger - INFO - 329,장민호 드라마 최종회
2022-03-03 15:12:41,810 - movie_logger - INFO - 330,장민호 드라마 최종회
2022-03-03 15:12:41,949 - movie_logger - INFO - 다음 페이지 클릭
2022-03-03 15:12:42,004 - movie_logger - INFO - 331,장민호 드라마 최종회
2022-03-03 15:12:42,056 - movie_logger - INFO - 332,장민호 드라마 최종회
2022-03-03 15:12:42,106 - movie_logger - INFO - 333,장민호 드라마 최종회
2022-03-03 15:12:42,160 - movie_logger - INFO - 334,장민호 드라마 최종회
2022-03-03 15:12:42,209 - movie_logger - INFO - 335,장민호 드라마 최종회
2022-03-03 15:12:42,262 - movie_logger - INFO - 336,장민호 드라마 최종회
2022-03-03 15:12:42,315 - movie_logger - INFO - 337,장민호 드라마 최종회
2022-03-03 15:12:42,369 - movie_logger - INFO - 338,장민호 드라마 최종회
2022-03-03 15:12:42,423 - movie_logger - INFO - 339,장민호 드라마 최종회
2022-03-03 15:12:42,473 - movie_logger - INFO - 340,장민호 드라마 최종회
2022-03-03 15:12:42,608 - movie_logger - INFO - 다음 페이지 클릭
2022-03-03 15:12:42,668 - movie_logger - INFO - 341,장민호 드라마 최종회
2022-03-03 15:12:42,720 - movie_logger - INFO - 342,장민호 드라마 최종회
2022-03-03 15:12:42,769 - movie_logger - INFO - 343,장민호 드라마 최종회
2022-03-03 15:12:42,820 - movie_logger - INFO - 344,장민호 드라마 최종회
2022-03-03 15:12:42,871 - movie_logger - INFO - 345,장민호 드라마 최종회
2022-03-03 15:12:42,925 - movie_logger - INFO - 346,장민호 드라마 최종회
2022-03-03 15:12:42,978 - movie_logger - INFO - 347,장민호 드라마 최종회
2022-03-03 15:12:43,030 - movie_logger - INFO - 348,장민호 드라마 최종회
2022-03-03 15:12:43,082 - movie_logger - INFO - 349,장민호 드라마 최종회
2022-03-03 15:12:43,130 - movie_logger - INFO - 350,장민호 드라마 최종회
2022-03-03 15:12:43,269 - movie_logger - INFO - 다음 페이지 클릭
2022-03-03 15:12:43,327 - movie_logger - INFO - 351,장민호 드라마 최종회
2022-03-03 15:12:43,382 - movie_logger - INFO - 352,장민호 드라마 최종회
2022-03-03 15:12:43,432 - movie_logger - INFO - 353,장민호 드라마 최종회
2022-03-03 15:12:43,485 - movie_logger - INFO - 354,장민호 드라마 최종회
2022-03-03 15:12:43,537 - movie_logger - INFO - 355,장민호 드라마 최종회
2022-03-03 15:12:43,592 - movie_logger - INFO - 356,장민호 드라마 최종회
2022-03-03 15:12:43,644 - movie_logger - INFO - 357,장민호 드라마 최종회
2022-03-03 15:12:43,695 - movie_logger - INFO - 358,장민호 드라마 최종회
2022-03-03 15:12:43,747 - movie_logger - INFO - 359,장민호 드라마 최종회
2022-03-03 15:12:43,801 - movie_logger - INFO - 360,장민호 드라마 최종회
2022-03-03 15:12:43,934 - movie_logger - INFO - 다음 페이지 클릭
2022-03-03 15:12:43,992 - movie_logger - INFO - 361,장민호 드라마 최종회
2022-03-03 15:12:44,044 - movie_logger - INFO - 362,장민호 드라마 최종회
2022-03-03 15:12:44,099 - movie_logger - INFO - 363,장민호 드라마 최종회
2022-03-03 15:12:44,150 - movie_logger - INFO - 364,장민호 드라마 최종회
2022-03-03 15:12:44,200 - movie_logger - INFO - 365,장민호 드라마 최종회
2022-03-03 15:12:44,255 - movie_logger - INFO - 366,장민호 드라마 최종회
2022-03-03 15:12:44,311 - movie_logger - INFO - 367,장민호 드라마 최종회
2022-03-03 15:12:44,364 - movie_logger - INFO - 368,장민호 드라마 최종회
2022-03-03 15:12:44,414 - movie_logger - INFO - 369,장민호 드라마 최종회
2022-03-03 15:12:44,466 - movie_logger - INFO - 370,장민호 드라마 최종회
2022-03-03 15:12:44,605 - movie_logger - INFO - 다음 페이지 클릭
2022-03-03 15:12:44,665 - movie_logger - INFO - 371,장민호 드라마 최종회
2022-03-03 15:12:44,716 - movie_logger - INFO - 372,장민호 드라마 최종회
2022-03-03 15:12:44,769 - movie_logger - INFO - 373,장민호 드라마 최종회
2022-03-03 15:12:44,823 - movie_logger - INFO - 374,장민호 드라마 최종회
2022-03-03 15:12:44,880 - movie_logger - INFO - 375,장민호 드라마 최종회
2022-03-03 15:12:44,939 - movie_logger - INFO - 376,장민호 드라마 최종회
2022-03-03 15:12:44,990 - movie_logger - INFO - 377,장민호 드라마 최종회
2022-03-03 15:12:45,043 - movie_logger - INFO - 378,장민호 드라마 최종회
2022-03-03 15:12:45,096 - movie_logger - INFO - 379,장민호 드라마 최종회
2022-03-03 15:12:45,150 - movie_logger - INFO - 380,장민호 드라마 최종회
2022-03-03 15:12:45,284 - movie_logger - INFO - 다음 페이지 클릭
2022-03-03 15:12:45,343 - movie_logger - INFO - 381,장민호 드라마 최종회
2022-03-03 15:12:45,394 - movie_logger - INFO - 382,장민호 드라마 최종회
2022-03-03 15:12:45,448 - movie_logger - INFO - 383,장민호 드라마 최종회
2022-03-03 15:12:45,502 - movie_logger - INFO - 384,장민호 드라마 최종회
2022-03-03 15:12:45,553 - movie_logger - INFO - 385,장민호 드라마 최종회
2022-03-03 15:12:45,604 - movie_logger - INFO - 386,장민호 드라마 최종회
2022-03-03 15:12:45,657 - movie_logger - INFO - 387,장민호 드라마 최종회
2022-03-03 15:12:45,713 - movie_logger - INFO - 388,장민호 드라마 최종회
2022-03-03 15:12:45,769 - movie_logger - INFO - 389,장민호 드라마 최종회
2022-03-03 15:12:45,823 - movie_logger - INFO - 390,장민호 드라마 최종회
2022-03-03 15:12:45,956 - movie_logger - INFO - 다음 페이지 클릭
2022-03-03 15:12:46,013 - movie_logger - INFO - 391,장민호 드라마 최종회
2022-03-03 15:12:46,069 - movie_logger - INFO - 392,장민호 드라마 최종회
2022-03-03 15:12:46,123 - movie_logger - INFO - 393,장민호 드라마 최종회
2022-03-03 15:12:46,177 - movie_logger - INFO - 394,장민호 드라마 최종회
2022-03-03 15:12:46,229 - movie_logger - INFO - 395,장민호 드라마 최종회
2022-03-03 15:12:46,282 - movie_logger - INFO - 396,장민호 드라마 최종회
2022-03-03 15:12:46,335 - movie_logger - INFO - 397,장민호 드라마 최종회
2022-03-03 15:12:46,391 - movie_logger - INFO - 398,장민호 드라마 최종회
2022-03-03 15:12:46,442 - movie_logger - INFO - 399,장민호 드라마 최종회
2022-03-03 15:12:46,493 - movie_logger - INFO - 400,장민호 드라마 최종회
2022-03-03 15:12:46,634 - movie_logger - INFO - 다음 페이지 클릭
2022-03-03 15:12:46,695 - movie_logger - INFO - 401,장민호 드라마 최종회
2022-03-03 15:12:46,746 - movie_logger - INFO - 402,장민호 드라마 최종회
2022-03-03 15:12:46,799 - movie_logger - INFO - 403,장민호 드라마 최종회
2022-03-03 15:12:46,850 - movie_logger - INFO - 404,장민호 드라마 최종회
2022-03-03 15:12:46,901 - movie_logger - INFO - 405,장민호 드라마 최종회
2022-03-03 15:12:46,961 - movie_logger - INFO - 406,장민호 드라마 최종회
2022-03-03 15:12:47,013 - movie_logger - INFO - 407,장민호 드라마 최종회
2022-03-03 15:12:47,066 - movie_logger - INFO - 408,장민호 드라마 최종회
2022-03-03 15:12:47,117 - movie_logger - INFO - 409,장민호 드라마 최종회
2022-03-03 15:12:47,171 - movie_logger - INFO - 410,장민호 드라마 최종회
2022-03-03 15:12:47,307 - movie_logger - INFO - 다음 페이지 클릭
2022-03-03 15:12:47,365 - movie_logger - INFO - 411,장민호 드라마 최종회
2022-03-03 15:12:47,418 - movie_logger - INFO - 412,장민호 드라마 최종회
2022-03-03 15:12:47,474 - movie_logger - INFO - 413,장민호 드라마 최종회
2022-03-03 15:12:47,529 - movie_logger - INFO - 414,장민호 드라마 최종회
2022-03-03 15:12:47,582 - movie_logger - INFO - 415,장민호 드라마 최종회
2022-03-03 15:12:47,640 - movie_logger - INFO - 416,장민호 드라마 최종회
2022-03-03 15:12:47,694 - movie_logger - INFO - 417,장민호 드라마 최종회
2022-03-03 15:12:47,747 - movie_logger - INFO - 418,장민호 드라마 최종회
2022-03-03 15:12:47,803 - movie_logger - INFO - 419,장민호 드라마 최종회
2022-03-03 15:12:47,856 - movie_logger - INFO - 420,장민호 드라마 최종회
2022-03-03 15:12:47,985 - movie_logger - INFO - 다음 페이지 클릭
2022-03-03 15:12:48,045 - movie_logger - INFO - 421,장민호 드라마 최종회
2022-03-03 15:12:48,102 - movie_logger - INFO - 422,장민호 드라마 최종회
2022-03-03 15:12:48,154 - movie_logger - INFO - 423,장민호 드라마 최종회
2022-03-03 15:12:48,210 - movie_logger - INFO - 424,장민호 드라마 최종회
2022-03-03 15:12:48,262 - movie_logger - INFO - 425,장민호 드라마 최종회
2022-03-03 15:12:48,317 - movie_logger - INFO - 426,장민호 드라마 최종회
2022-03-03 15:12:48,373 - movie_logger - INFO - 427,장민호 드라마 최종회
2022-03-03 15:12:48,427 - movie_logger - INFO - 428,장민호 드라마 최종회
2022-03-03 15:12:48,486 - movie_logger - INFO - 429,장민호 드라마 최종회
2022-03-03 15:12:48,567 - movie_logger - INFO - 430,장민호 드라마 최종회
2022-03-03 15:12:48,784 - movie_logger - INFO - 다음 페이지 클릭
2022-03-03 15:12:48,837 - movie_logger - INFO - 431,장민호 드라마 최종회
2022-03-03 15:12:48,887 - movie_logger - INFO - 432,장민호 드라마 최종회
2022-03-03 15:12:48,938 - movie_logger - INFO - 433,장민호 드라마 최종회
2022-03-03 15:12:48,986 - movie_logger - INFO - 434,장민호 드라마 최종회
2022-03-03 15:12:49,034 - movie_logger - INFO - 435,장민호 드라마 최종회
2022-03-03 15:12:49,081 - movie_logger - INFO - 436,장민호 드라마 최종회
2022-03-03 15:12:49,128 - movie_logger - INFO - 437,장민호 드라마 최종회
2022-03-03 15:12:49,177 - movie_logger - INFO - 438,장민호 드라마 최종회
2022-03-03 15:12:49,226 - movie_logger - INFO - 439,장민호 드라마 최종회
2022-03-03 15:12:49,273 - movie_logger - INFO - 440,장민호 드라마 최종회
2022-03-03 15:12:49,409 - movie_logger - INFO - 다음 페이지 클릭
2022-03-03 15:12:49,463 - movie_logger - INFO - 441,장민호 드라마 최종회
2022-03-03 15:12:49,517 - movie_logger - INFO - 442,장민호 드라마 최종회
2022-03-03 15:12:49,564 - movie_logger - INFO - 443,장민호 드라마 최종회
2022-03-03 15:12:49,614 - movie_logger - INFO - 444,장민호 드라마 최종회
2022-03-03 15:12:49,662 - movie_logger - INFO - 445,장민호 드라마 최종회
2022-03-03 15:12:49,711 - movie_logger - INFO - 446,장민호 드라마 최종회
2022-03-03 15:12:49,761 - movie_logger - INFO - 447,장민호 드라마 최종회
2022-03-03 15:12:49,811 - movie_logger - INFO - 448,장민호 드라마 최종회
2022-03-03 15:12:49,858 - movie_logger - INFO - 449,장민호 드라마 최종회
2022-03-03 15:12:49,907 - movie_logger - INFO - 450,장민호 드라마 최종회
2022-03-03 15:12:50,035 - movie_logger - INFO - 다음 페이지 클릭
2022-03-03 15:12:50,102 - movie_logger - INFO - 451,장민호 드라마 최종회
2022-03-03 15:12:50,149 - movie_logger - INFO - 452,장민호 드라마 최종회
2022-03-03 15:12:50,198 - movie_logger - INFO - 453,장민호 드라마 최종회
2022-03-03 15:12:50,248 - movie_logger - INFO - 454,장민호 드라마 최종회
2022-03-03 15:12:50,294 - movie_logger - INFO - 455,장민호 드라마 최종회
2022-03-03 15:12:50,345 - movie_logger - INFO - 456,장민호 드라마 최종회
2022-03-03 15:12:50,398 - movie_logger - INFO - 457,장민호 드라마 최종회
2022-03-03 15:12:50,446 - movie_logger - INFO - 458,장민호 드라마 최종회
2022-03-03 15:12:50,495 - movie_logger - INFO - 459,장민호 드라마 최종회
2022-03-03 15:12:50,544 - movie_logger - INFO - 460,장민호 드라마 최종회
2022-03-03 15:12:50,674 - movie_logger - INFO - 다음 페이지 클릭
2022-03-03 15:12:50,728 - movie_logger - INFO - 461,장민호 드라마 최종회
2022-03-03 15:12:50,778 - movie_logger - INFO - 462,장민호 드라마 최종회
2022-03-03 15:12:50,827 - movie_logger - INFO - 463,장민호 드라마 최종회
2022-03-03 15:12:50,876 - movie_logger - INFO - 464,장민호 드라마 최종회
2022-03-03 15:12:50,929 - movie_logger - INFO - 465,장민호 드라마 최종회
2022-03-03 15:12:50,977 - movie_logger - INFO - 466,장민호 드라마 최종회
2022-03-03 15:12:51,029 - movie_logger - INFO - 467,장민호 드라마 최종회
2022-03-03 15:12:51,078 - movie_logger - INFO - 468,장민호 드라마 최종회
2022-03-03 15:12:51,128 - movie_logger - INFO - 469,장민호 드라마 최종회
2022-03-03 15:12:51,181 - movie_logger - INFO - 470,장민호 드라마 최종회
2022-03-03 15:12:51,315 - movie_logger - INFO - 다음 페이지 클릭
2022-03-03 15:12:51,370 - movie_logger - INFO - 471,장민호 드라마 최종회
2022-03-03 15:12:51,421 - movie_logger - INFO - 472,장민호 드라마 최종회
2022-03-03 15:12:51,474 - movie_logger - INFO - 473,장민호 드라마 최종회
2022-03-03 15:12:51,522 - movie_logger - INFO - 474,장민호 드라마 최종회
2022-03-03 15:12:51,575 - movie_logger - INFO - 475,장민호 드라마 최종회
2022-03-03 15:12:51,626 - movie_logger - INFO - 476,장민호 드라마 최종회
2022-03-03 15:12:51,676 - movie_logger - INFO - 477,장민호 드라마 최종회
2022-03-03 15:12:51,730 - movie_logger - INFO - 478,장민호 드라마 최종회
2022-03-03 15:12:51,779 - movie_logger - INFO - 479,장민호 드라마 최종회
2022-03-03 15:12:51,828 - movie_logger - INFO - 480,장민호 드라마 최종회
2022-03-03 15:12:51,965 - movie_logger - INFO - 다음 페이지 클릭
2022-03-03 15:12:52,027 - movie_logger - INFO - 481,장민호 드라마 최종회
2022-03-03 15:12:52,077 - movie_logger - INFO - 482,장민호 드라마 최종회
2022-03-03 15:12:52,126 - movie_logger - INFO - 483,장민호 드라마 최종회
2022-03-03 15:12:52,176 - movie_logger - INFO - 484,장민호 드라마 최종회
2022-03-03 15:12:52,227 - movie_logger - INFO - 485,장민호 드라마 최종회
2022-03-03 15:12:52,284 - movie_logger - INFO - 486,장민호 드라마 최종회
2022-03-03 15:12:52,334 - movie_logger - INFO - 487,장민호 드라마 최종회
2022-03-03 15:12:52,384 - movie_logger - INFO - 488,장민호 드라마 최종회
2022-03-03 15:12:52,434 - movie_logger - INFO - 489,장민호 드라마 최종회
2022-03-03 15:12:52,484 - movie_logger - INFO - 490,장민호 드라마 최종회
2022-03-03 15:12:52,621 - movie_logger - INFO - 다음 페이지 클릭
2022-03-03 15:12:52,675 - movie_logger - INFO - 491,장민호 드라마 최종회
2022-03-03 15:12:52,725 - movie_logger - INFO - 492,장민호 드라마 최종회
2022-03-03 15:12:52,775 - movie_logger - INFO - 493,장민호 드라마 최종회
2022-03-03 15:12:52,826 - movie_logger - INFO - 494,장민호 드라마 최종회
2022-03-03 15:12:52,876 - movie_logger - INFO - 495,장민호 드라마 최종회
2022-03-03 15:12:52,927 - movie_logger - INFO - 496,장민호 드라마 최종회
2022-03-03 15:12:52,978 - movie_logger - INFO - 497,장민호 드라마 최종회
2022-03-03 15:12:53,029 - movie_logger - INFO - 498,장민호 드라마 최종회
2022-03-03 15:12:53,085 - movie_logger - INFO - 499,장민호 드라마 최종회
2022-03-03 15:12:53,135 - movie_logger - INFO - 500,장민호 드라마 최종회
2022-03-03 15:12:53,266 - movie_logger - INFO - 다음 페이지 클릭
2022-03-03 15:12:53,323 - movie_logger - INFO - 501,장민호 드라마 최종회
2022-03-03 15:12:53,378 - movie_logger - INFO - 502,장민호 드라마 최종회
2022-03-03 15:12:53,430 - movie_logger - INFO - 503,장민호 드라마 최종회
2022-03-03 15:12:53,483 - movie_logger - INFO - 504,장민호 드라마 최종회
2022-03-03 15:12:53,533 - movie_logger - INFO - 505,장민호 드라마 최종회
2022-03-03 15:12:53,582 - movie_logger - INFO - 506,장민호 드라마 최종회
2022-03-03 15:12:53,637 - movie_logger - INFO - 507,장민호 드라마 최종회
2022-03-03 15:12:53,689 - movie_logger - INFO - 508,장민호 드라마 최종회
2022-03-03 15:12:53,740 - movie_logger - INFO - 509,장민호 드라마 최종회
2022-03-03 15:12:53,793 - movie_logger - INFO - 510,장민호 드라마 최종회
2022-03-03 15:12:53,926 - movie_logger - INFO - 다음 페이지 클릭
2022-03-03 15:12:53,985 - movie_logger - INFO - 511,장민호 드라마 최종회
2022-03-03 15:12:54,034 - movie_logger - INFO - 512,장민호 드라마 최종회
2022-03-03 15:12:54,087 - movie_logger - INFO - 513,장민호 드라마 최종회
2022-03-03 15:12:54,135 - movie_logger - INFO - 514,장민호 드라마 최종회
2022-03-03 15:12:54,186 - movie_logger - INFO - 515,장민호 드라마 최종회
2022-03-03 15:12:54,244 - movie_logger - INFO - 516,장민호 드라마 최종회
2022-03-03 15:12:54,295 - movie_logger - INFO - 517,장민호 드라마 최종회
2022-03-03 15:12:54,343 - movie_logger - INFO - 518,장민호 드라마 최종회
2022-03-03 15:12:54,395 - movie_logger - INFO - 519,장민호 드라마 최종회
2022-03-03 15:12:54,446 - movie_logger - INFO - 520,장민호 드라마 최종회
2022-03-03 15:12:54,582 - movie_logger - INFO - 다음 페이지 클릭
2022-03-03 15:12:54,636 - movie_logger - INFO - 521,장민호 드라마 최종회
2022-03-03 15:12:54,692 - movie_logger - INFO - 522,장민호 드라마 최종회
2022-03-03 15:12:54,745 - movie_logger - INFO - 523,장민호 드라마 최종회
2022-03-03 15:12:54,796 - movie_logger - INFO - 524,장민호 드라마 최종회
2022-03-03 15:12:54,847 - movie_logger - INFO - 525,장민호 드라마 최종회
2022-03-03 15:12:54,899 - movie_logger - INFO - 526,장민호 드라마 최종회
2022-03-03 15:12:54,950 - movie_logger - INFO - 527,장민호 드라마 최종회
2022-03-03 15:12:55,003 - movie_logger - INFO - 528,장민호 드라마 최종회
2022-03-03 15:12:55,053 - movie_logger - INFO - 529,장민호 드라마 최종회
2022-03-03 15:12:55,106 - movie_logger - INFO - 530,장민호 드라마 최종회
2022-03-03 15:12:55,243 - movie_logger - INFO - 다음 페이지 클릭
2022-03-03 15:12:55,304 - movie_logger - INFO - 531,장민호 드라마 최종회
2022-03-03 15:12:55,355 - movie_logger - INFO - 532,장민호 드라마 최종회
2022-03-03 15:12:55,407 - movie_logger - INFO - 533,장민호 드라마 최종회
2022-03-03 15:12:55,457 - movie_logger - INFO - 534,장민호 드라마 최종회
2022-03-03 15:12:55,510 - movie_logger - INFO - 535,장민호 드라마 최종회
2022-03-03 15:12:55,563 - movie_logger - INFO - 536,장민호 드라마 최종회
2022-03-03 15:12:55,618 - movie_logger - INFO - 537,장민호 드라마 최종회
2022-03-03 15:12:55,669 - movie_logger - INFO - 538,장민호 드라마 최종회
2022-03-03 15:12:55,721 - movie_logger - INFO - 539,장민호 드라마 최종회
2022-03-03 15:12:55,772 - movie_logger - INFO - 540,장민호 드라마 최종회
2022-03-03 15:12:55,902 - movie_logger - INFO - 다음 페이지 클릭
2022-03-03 15:12:55,958 - movie_logger - INFO - 541,장민호 드라마 최종회
2022-03-03 15:12:56,009 - movie_logger - INFO - 542,장민호 드라마 최종회
2022-03-03 15:12:56,060 - movie_logger - INFO - 543,장민호 드라마 최종회
2022-03-03 15:12:56,114 - movie_logger - INFO - 544,장민호 드라마 최종회
2022-03-03 15:12:56,167 - movie_logger - INFO - 545,장민호 드라마 최종회
2022-03-03 15:12:56,221 - movie_logger - INFO - 546,장민호 드라마 최종회
2022-03-03 15:12:56,274 - movie_logger - INFO - 547,장민호 드라마 최종회
2022-03-03 15:12:56,325 - movie_logger - INFO - 548,장민호 드라마 최종회
2022-03-03 15:12:56,378 - movie_logger - INFO - 549,장민호 드라마 최종회
2022-03-03 15:12:56,433 - movie_logger - INFO - 550,장민호 드라마 최종회
2022-03-03 15:12:56,566 - movie_logger - INFO - 다음 페이지 클릭
2022-03-03 15:12:56,623 - movie_logger - INFO - 551,장민호 드라마 최종회
2022-03-03 15:12:56,679 - movie_logger - INFO - 552,장민호 드라마 최종회
2022-03-03 15:12:56,732 - movie_logger - INFO - 553,장민호 드라마 최종회
2022-03-03 15:12:56,784 - movie_logger - INFO - 554,장민호 드라마 최종회
2022-03-03 15:12:56,834 - movie_logger - INFO - 555,장민호 드라마 최종회
2022-03-03 15:12:56,887 - movie_logger - INFO - 556,장민호 드라마 최종회
2022-03-03 15:12:56,940 - movie_logger - INFO - 557,장민호 드라마 최종회
2022-03-03 15:12:56,994 - movie_logger - INFO - 558,장민호 드라마 최종회
2022-03-03 15:12:57,048 - movie_logger - INFO - 559,장민호 드라마 최종회
2022-03-03 15:12:57,103 - movie_logger - INFO - 560,장민호 드라마 최종회
2022-03-03 15:12:57,233 - movie_logger - INFO - 다음 페이지 클릭
2022-03-03 15:12:57,295 - movie_logger - INFO - 561,장민호 드라마 최종회
2022-03-03 15:12:57,349 - movie_logger - INFO - 562,장민호 드라마 최종회
2022-03-03 15:12:57,400 - movie_logger - INFO - 563,장민호 드라마 최종회
2022-03-03 15:12:57,455 - movie_logger - INFO - 564,장민호 드라마 최종회
2022-03-03 15:12:57,507 - movie_logger - INFO - 565,장민호 드라마 최종회
2022-03-03 15:12:57,558 - movie_logger - INFO - 566,장민호 드라마 최종회
2022-03-03 15:12:57,615 - movie_logger - INFO - 567,장민호 드라마 최종회
2022-03-03 15:12:57,671 - movie_logger - INFO - 568,장민호 드라마 최종회
2022-03-03 15:12:57,724 - movie_logger - INFO - 569,장민호 드라마 최종회
2022-03-03 15:12:57,780 - movie_logger - INFO - 570,장민호 드라마 최종회
2022-03-03 15:12:57,920 - movie_logger - INFO - 다음 페이지 클릭
2022-03-03 15:12:57,977 - movie_logger - INFO - 571,장민호 드라마 최종회
2022-03-03 15:12:58,030 - movie_logger - INFO - 572,장민호 드라마 최종회
2022-03-03 15:12:58,083 - movie_logger - INFO - 573,장민호 드라마 최종회
2022-03-03 15:12:58,136 - movie_logger - INFO - 574,장민호 드라마 최종회
2022-03-03 15:12:58,191 - movie_logger - INFO - 575,장민호 드라마 최종회
2022-03-03 15:12:58,243 - movie_logger - INFO - 576,장민호 드라마 최종회
2022-03-03 15:12:58,300 - movie_logger - INFO - 577,장민호 드라마 최종회
2022-03-03 15:12:58,353 - movie_logger - INFO - 578,장민호 드라마 최종회
2022-03-03 15:12:58,405 - movie_logger - INFO - 579,장민호 드라마 최종회
2022-03-03 15:12:58,463 - movie_logger - INFO - 580,장민호 드라마 최종회
2022-03-03 15:12:58,590 - movie_logger - INFO - 다음 페이지 클릭
2022-03-03 15:12:58,655 - movie_logger - INFO - 581,장민호 드라마 최종회
2022-03-03 15:12:58,720 - movie_logger - INFO - 582,장민호 드라마 최종회
2022-03-03 15:12:58,724 - movie_logger - ERROR - 장민호 드라마 최종회 수집완료...
2022-03-03 15:12:58,913 - movie_logger - INFO - 네이버 영화 랭킹 1페이지 이동...
2022-03-03 15:12:58,939 - movie_logger - INFO - 3-그린 북 영화 제목 클릭... :
2022-03-03 15:12:59,719 - movie_logger - INFO - 영화 평점 클릭... :
2022-03-03 15:12:59,741 - movie_logger - INFO - 영화 제목 수집 : 그린 북
2022-03-03 15:12:59,766 - movie_logger - INFO - iframe으로 전환
2022-03-03 15:12:59,823 - movie_logger - INFO - 1,그린 북
2022-03-03 15:12:59,879 - movie_logger - INFO - 2,그린 북
2022-03-03 15:12:59,931 - movie_logger - INFO - 3,그린 북
2022-03-03 15:12:59,988 - movie_logger - INFO - 4,그린 북
2022-03-03 15:13:00,068 - movie_logger - INFO - 5,그린 북
2022-03-03 15:13:00,151 - movie_logger - INFO - 6,그린 북
2022-03-03 15:13:00,184 - movie_logger - INFO - 7,그린 북
2022-03-03 15:13:00,224 - movie_logger - INFO - 8,그린 북
2022-03-03 15:13:00,261 - movie_logger - INFO - 9,그린 북
2022-03-03 15:13:00,302 - movie_logger - INFO - 10,그린 북
2022-03-03 15:13:00,442 - movie_logger - INFO - 다음 페이지 클릭
2022-03-03 15:13:00,487 - movie_logger - INFO - 11,그린 북
2022-03-03 15:13:00,525 - movie_logger - INFO - 12,그린 북
2022-03-03 15:13:00,562 - movie_logger - INFO - 13,그린 북
2022-03-03 15:13:00,602 - movie_logger - INFO - 14,그린 북
2022-03-03 15:13:00,648 - movie_logger - INFO - 15,그린 북
2022-03-03 15:13:00,686 - movie_logger - INFO - 16,그린 북
2022-03-03 15:13:00,723 - movie_logger - INFO - 17,그린 북
2022-03-03 15:13:00,762 - movie_logger - INFO - 18,그린 북
2022-03-03 15:13:00,803 - movie_logger - INFO - 19,그린 북
2022-03-03 15:13:00,841 - movie_logger - INFO - 20,그린 북
2022-03-03 15:13:00,986 - movie_logger - INFO - 다음 페이지 클릭
2022-03-03 15:13:01,027 - movie_logger - INFO - 21,그린 북
2022-03-03 15:13:01,061 - movie_logger - INFO - 22,그린 북
2022-03-03 15:13:01,095 - movie_logger - INFO - 23,그린 북
2022-03-03 15:13:01,130 - movie_logger - INFO - 24,그린 북
2022-03-03 15:13:01,167 - movie_logger - INFO - 25,그린 북
2022-03-03 15:13:01,205 - movie_logger - INFO - 26,그린 북
2022-03-03 15:13:01,245 - movie_logger - INFO - 27,그린 북
2022-03-03 15:13:01,280 - movie_logger - INFO - 28,그린 북
2022-03-03 15:13:01,316 - movie_logger - INFO - 29,그린 북
2022-03-03 15:13:01,353 - movie_logger - INFO - 30,그린 북
2022-03-03 15:13:01,501 - movie_logger - INFO - 다음 페이지 클릭
2022-03-03 15:13:01,544 - movie_logger - INFO - 31,그린 북
2022-03-03 15:13:01,578 - movie_logger - INFO - 32,그린 북
2022-03-03 15:13:01,613 - movie_logger - INFO - 33,그린 북
2022-03-03 15:13:01,649 - movie_logger - INFO - 34,그린 북
2022-03-03 15:13:01,684 - movie_logger - INFO - 35,그린 북
2022-03-03 15:13:01,719 - movie_logger - INFO - 36,그린 북
2022-03-03 15:13:01,754 - movie_logger - INFO - 37,그린 북
2022-03-03 15:13:01,794 - movie_logger - INFO - 38,그린 북
2022-03-03 15:13:01,831 - movie_logger - INFO - 39,그린 북
2022-03-03 15:13:01,869 - movie_logger - INFO - 40,그린 북
2022-03-03 15:13:02,003 - movie_logger - INFO - 다음 페이지 클릭
2022-03-03 15:13:02,046 - movie_logger - INFO - 41,그린 북
2022-03-03 15:13:02,082 - movie_logger - INFO - 42,그린 북
2022-03-03 15:13:02,118 - movie_logger - INFO - 43,그린 북
2022-03-03 15:13:02,155 - movie_logger - INFO - 44,그린 북
2022-03-03 15:13:02,191 - movie_logger - INFO - 45,그린 북
2022-03-03 15:13:02,226 - movie_logger - INFO - 46,그린 북
2022-03-03 15:13:02,269 - movie_logger - INFO - 47,그린 북
2022-03-03 15:13:02,309 - movie_logger - INFO - 48,그린 북
2022-03-03 15:13:02,345 - movie_logger - INFO - 49,그린 북
2022-03-03 15:13:02,384 - movie_logger - INFO - 50,그린 북
2022-03-03 15:13:02,522 - movie_logger - INFO - 다음 페이지 클릭
2022-03-03 15:13:02,573 - movie_logger - INFO - 51,그린 북
2022-03-03 15:13:02,609 - movie_logger - INFO - 52,그린 북
2022-03-03 15:13:02,645 - movie_logger - INFO - 53,그린 북
2022-03-03 15:13:02,681 - movie_logger - INFO - 54,그린 북
2022-03-03 15:13:02,720 - movie_logger - INFO - 55,그린 북
2022-03-03 15:13:02,760 - movie_logger - INFO - 56,그린 북
2022-03-03 15:13:02,795 - movie_logger - INFO - 57,그린 북
2022-03-03 15:13:02,831 - movie_logger - INFO - 58,그린 북
2022-03-03 15:13:02,870 - movie_logger - INFO - 59,그린 북
2022-03-03 15:13:02,908 - movie_logger - INFO - 60,그린 북
2022-03-03 15:13:03,045 - movie_logger - INFO - 다음 페이지 클릭
2022-03-03 15:13:03,085 - movie_logger - INFO - 61,그린 북
2022-03-03 15:13:03,121 - movie_logger - INFO - 62,그린 북
2022-03-03 15:13:03,156 - movie_logger - INFO - 63,그린 북
2022-03-03 15:13:03,191 - movie_logger - INFO - 64,그린 북
2022-03-03 15:13:03,228 - movie_logger - INFO - 65,그린 북
2022-03-03 15:13:03,273 - movie_logger - INFO - 66,그린 북
2022-03-03 15:13:03,314 - movie_logger - INFO - 67,그린 북
2022-03-03 15:13:03,351 - movie_logger - INFO - 68,그린 북
2022-03-03 15:13:03,388 - movie_logger - INFO - 69,그린 북
2022-03-03 15:13:03,426 - movie_logger - INFO - 70,그린 북
2022-03-03 15:13:03,565 - movie_logger - INFO - 다음 페이지 클릭
2022-03-03 15:13:03,612 - movie_logger - INFO - 71,그린 북
2022-03-03 15:13:03,650 - movie_logger - INFO - 72,그린 북
2022-03-03 15:13:03,686 - movie_logger - INFO - 73,그린 북
2022-03-03 15:13:03,722 - movie_logger - INFO - 74,그린 북
2022-03-03 15:13:03,758 - movie_logger - INFO - 75,그린 북
2022-03-03 15:13:03,795 - movie_logger - INFO - 76,그린 북
2022-03-03 15:13:03,831 - movie_logger - INFO - 77,그린 북
2022-03-03 15:13:03,871 - movie_logger - INFO - 78,그린 북
2022-03-03 15:13:03,912 - movie_logger - INFO - 79,그린 북
2022-03-03 15:13:03,951 - movie_logger - INFO - 80,그린 북
2022-03-03 15:13:04,090 - movie_logger - INFO - 다음 페이지 클릭
2022-03-03 15:13:04,132 - movie_logger - INFO - 81,그린 북
2022-03-03 15:13:04,172 - movie_logger - INFO - 82,그린 북
2022-03-03 15:13:04,212 - movie_logger - INFO - 83,그린 북
2022-03-03 15:13:04,252 - movie_logger - INFO - 84,그린 북
2022-03-03 15:13:04,291 - movie_logger - INFO - 85,그린 북
2022-03-03 15:13:04,328 - movie_logger - INFO - 86,그린 북
2022-03-03 15:13:04,366 - movie_logger - INFO - 87,그린 북
2022-03-03 15:13:04,404 - movie_logger - INFO - 88,그린 북
2022-03-03 15:13:04,442 - movie_logger - INFO - 89,그린 북
2022-03-03 15:13:04,481 - movie_logger - INFO - 90,그린 북
2022-03-03 15:13:04,621 - movie_logger - INFO - 다음 페이지 클릭
2022-03-03 15:13:04,664 - movie_logger - INFO - 91,그린 북
2022-03-03 15:13:04,704 - movie_logger - INFO - 92,그린 북
2022-03-03 15:13:04,746 - movie_logger - INFO - 93,그린 북
2022-03-03 15:13:04,785 - movie_logger - INFO - 94,그린 북
2022-03-03 15:13:04,827 - movie_logger - INFO - 95,그린 북
2022-03-03 15:13:04,866 - movie_logger - INFO - 96,그린 북
2022-03-03 15:13:04,903 - movie_logger - INFO - 97,그린 북
2022-03-03 15:13:04,941 - movie_logger - INFO - 98,그린 북
2022-03-03 15:13:04,982 - movie_logger - INFO - 99,그린 북
2022-03-03 15:13:05,021 - movie_logger - INFO - 100,그린 북
2022-03-03 15:13:05,150 - movie_logger - INFO - 다음 페이지 클릭
2022-03-03 15:13:05,200 - movie_logger - INFO - 101,그린 북
2022-03-03 15:13:05,239 - movie_logger - INFO - 102,그린 북
2022-03-03 15:13:05,283 - movie_logger - INFO - 103,그린 북
2022-03-03 15:13:05,322 - movie_logger - INFO - 104,그린 북
2022-03-03 15:13:05,361 - movie_logger - INFO - 105,그린 북
2022-03-03 15:13:05,402 - movie_logger - INFO - 106,그린 북
2022-03-03 15:13:05,441 - movie_logger - INFO - 107,그린 북
2022-03-03 15:13:05,480 - movie_logger - INFO - 108,그린 북
2022-03-03 15:13:05,522 - movie_logger - INFO - 109,그린 북
2022-03-03 15:13:05,562 - movie_logger - INFO - 110,그린 북
2022-03-03 15:13:05,701 - movie_logger - INFO - 다음 페이지 클릭
2022-03-03 15:13:05,748 - movie_logger - INFO - 111,그린 북
2022-03-03 15:13:05,787 - movie_logger - INFO - 112,그린 북
2022-03-03 15:13:05,826 - movie_logger - INFO - 113,그린 북
2022-03-03 15:13:05,865 - movie_logger - INFO - 114,그린 북
2022-03-03 15:13:05,904 - movie_logger - INFO - 115,그린 북
2022-03-03 15:13:05,942 - movie_logger - INFO - 116,그린 북
2022-03-03 15:13:05,982 - movie_logger - INFO - 117,그린 북
2022-03-03 15:13:06,023 - movie_logger - INFO - 118,그린 북
2022-03-03 15:13:06,064 - movie_logger - INFO - 119,그린 북
2022-03-03 15:13:06,102 - movie_logger - INFO - 120,그린 북
2022-03-03 15:13:06,242 - movie_logger - INFO - 다음 페이지 클릭
2022-03-03 15:13:06,288 - movie_logger - INFO - 121,그린 북
2022-03-03 15:13:06,331 - movie_logger - INFO - 122,그린 북
2022-03-03 15:13:06,371 - movie_logger - INFO - 123,그린 북
2022-03-03 15:13:06,411 - movie_logger - INFO - 124,그린 북
2022-03-03 15:13:06,451 - movie_logger - INFO - 125,그린 북
2022-03-03 15:13:06,491 - movie_logger - INFO - 126,그린 북
2022-03-03 15:13:06,531 - movie_logger - INFO - 127,그린 북
2022-03-03 15:13:06,571 - movie_logger - INFO - 128,그린 북
2022-03-03 15:13:06,612 - movie_logger - INFO - 129,그린 북
2022-03-03 15:13:06,653 - movie_logger - INFO - 130,그린 북
2022-03-03 15:13:06,786 - movie_logger - INFO - 다음 페이지 클릭
2022-03-03 15:13:06,831 - movie_logger - INFO - 131,그린 북
2022-03-03 15:13:06,872 - movie_logger - INFO - 132,그린 북
2022-03-03 15:13:06,913 - movie_logger - INFO - 133,그린 북
2022-03-03 15:13:06,955 - movie_logger - INFO - 134,그린 북
2022-03-03 15:13:06,997 - movie_logger - INFO - 135,그린 북
2022-03-03 15:13:07,034 - movie_logger - INFO - 136,그린 북
2022-03-03 15:13:07,075 - movie_logger - INFO - 137,그린 북
2022-03-03 15:13:07,115 - movie_logger - INFO - 138,그린 북
2022-03-03 15:13:07,155 - movie_logger - INFO - 139,그린 북
2022-03-03 15:13:07,193 - movie_logger - INFO - 140,그린 북
2022-03-03 15:13:07,326 - movie_logger - INFO - 다음 페이지 클릭
2022-03-03 15:13:07,370 - movie_logger - INFO - 141,그린 북
2022-03-03 15:13:07,412 - movie_logger - INFO - 142,그린 북
2022-03-03 15:13:07,452 - movie_logger - INFO - 143,그린 북
2022-03-03 15:13:07,493 - movie_logger - INFO - 144,그린 북
2022-03-03 15:13:07,534 - movie_logger - INFO - 145,그린 북
2022-03-03 15:13:07,575 - movie_logger - INFO - 146,그린 북
2022-03-03 15:13:07,613 - movie_logger - INFO - 147,그린 북
2022-03-03 15:13:07,654 - movie_logger - INFO - 148,그린 북
2022-03-03 15:13:07,695 - movie_logger - INFO - 149,그린 북
2022-03-03 15:13:07,737 - movie_logger - INFO - 150,그린 북
2022-03-03 15:13:07,872 - movie_logger - INFO - 다음 페이지 클릭
2022-03-03 15:13:07,916 - movie_logger - INFO - 151,그린 북
2022-03-03 15:13:07,955 - movie_logger - INFO - 152,그린 북
2022-03-03 15:13:07,996 - movie_logger - INFO - 153,그린 북
2022-03-03 15:13:08,036 - movie_logger - INFO - 154,그린 북
2022-03-03 15:13:08,077 - movie_logger - INFO - 155,그린 북
2022-03-03 15:13:08,118 - movie_logger - INFO - 156,그린 북
2022-03-03 15:13:08,161 - movie_logger - INFO - 157,그린 북
2022-03-03 15:13:08,202 - movie_logger - INFO - 158,그린 북
2022-03-03 15:13:08,244 - movie_logger - INFO - 159,그린 북
2022-03-03 15:13:08,285 - movie_logger - INFO - 160,그린 북
2022-03-03 15:13:08,421 - movie_logger - INFO - 다음 페이지 클릭
2022-03-03 15:13:08,473 - movie_logger - INFO - 161,그린 북
2022-03-03 15:13:08,513 - movie_logger - INFO - 162,그린 북
2022-03-03 15:13:08,554 - movie_logger - INFO - 163,그린 북
2022-03-03 15:13:08,595 - movie_logger - INFO - 164,그린 북
2022-03-03 15:13:08,635 - movie_logger - INFO - 165,그린 북
2022-03-03 15:13:08,674 - movie_logger - INFO - 166,그린 북
2022-03-03 15:13:08,718 - movie_logger - INFO - 167,그린 북
2022-03-03 15:13:08,763 - movie_logger - INFO - 168,그린 북
2022-03-03 15:13:08,804 - movie_logger - INFO - 169,그린 북
2022-03-03 15:13:08,845 - movie_logger - INFO - 170,그린 북
2022-03-03 15:13:08,986 - movie_logger - INFO - 다음 페이지 클릭
2022-03-03 15:13:09,038 - movie_logger - INFO - 171,그린 북
2022-03-03 15:13:09,084 - movie_logger - INFO - 172,그린 북
2022-03-03 15:13:09,124 - movie_logger - INFO - 173,그린 북
2022-03-03 15:13:09,168 - movie_logger - INFO - 174,그린 북
2022-03-03 15:13:09,210 - movie_logger - INFO - 175,그린 북
2022-03-03 15:13:09,250 - movie_logger - INFO - 176,그린 북
2022-03-03 15:13:09,291 - movie_logger - INFO - 177,그린 북
2022-03-03 15:13:09,336 - movie_logger - INFO - 178,그린 북
2022-03-03 15:13:09,385 - movie_logger - INFO - 179,그린 북
2022-03-03 15:13:09,427 - movie_logger - INFO - 180,그린 북
2022-03-03 15:13:09,557 - movie_logger - INFO - 다음 페이지 클릭
2022-03-03 15:13:09,602 - movie_logger - INFO - 181,그린 북
2022-03-03 15:13:09,646 - movie_logger - INFO - 182,그린 북
2022-03-03 15:13:09,690 - movie_logger - INFO - 183,그린 북
2022-03-03 15:13:09,733 - movie_logger - INFO - 184,그린 북
2022-03-03 15:13:09,778 - movie_logger - INFO - 185,그린 북
2022-03-03 15:13:09,817 - movie_logger - INFO - 186,그린 북
2022-03-03 15:13:09,857 - movie_logger - INFO - 187,그린 북
2022-03-03 15:13:09,896 - movie_logger - INFO - 188,그린 북
2022-03-03 15:13:09,941 - movie_logger - INFO - 189,그린 북
2022-03-03 15:13:09,984 - movie_logger - INFO - 190,그린 북
2022-03-03 15:13:10,131 - movie_logger - INFO - 다음 페이지 클릭
2022-03-03 15:13:10,175 - movie_logger - INFO - 191,그린 북
2022-03-03 15:13:10,219 - movie_logger - INFO - 192,그린 북
2022-03-03 15:13:10,262 - movie_logger - INFO - 193,그린 북
2022-03-03 15:13:10,304 - movie_logger - INFO - 194,그린 북
2022-03-03 15:13:10,345 - movie_logger - INFO - 195,그린 북
2022-03-03 15:13:10,391 - movie_logger - INFO - 196,그린 북
2022-03-03 15:13:10,435 - movie_logger - INFO - 197,그린 북
2022-03-03 15:13:10,477 - movie_logger - INFO - 198,그린 북
2022-03-03 15:13:10,522 - movie_logger - INFO - 199,그린 북
2022-03-03 15:13:10,567 - movie_logger - INFO - 200,그린 북
2022-03-03 15:13:10,706 - movie_logger - INFO - 다음 페이지 클릭
2022-03-03 15:13:10,753 - movie_logger - INFO - 201,그린 북
2022-03-03 15:13:10,797 - movie_logger - INFO - 202,그린 북
2022-03-03 15:13:10,842 - movie_logger - INFO - 203,그린 북
2022-03-03 15:13:10,885 - movie_logger - INFO - 204,그린 북
2022-03-03 15:13:10,929 - movie_logger - INFO - 205,그린 북
2022-03-03 15:13:10,972 - movie_logger - INFO - 206,그린 북
2022-03-03 15:13:11,012 - movie_logger - INFO - 207,그린 북
2022-03-03 15:13:11,054 - movie_logger - INFO - 208,그린 북
2022-03-03 15:13:11,096 - movie_logger - INFO - 209,그린 북
2022-03-03 15:13:11,140 - movie_logger - INFO - 210,그린 북
2022-03-03 15:13:11,282 - movie_logger - INFO - 다음 페이지 클릭
2022-03-03 15:13:11,334 - movie_logger - INFO - 211,그린 북
2022-03-03 15:13:11,377 - movie_logger - INFO - 212,그린 북
2022-03-03 15:13:11,422 - movie_logger - INFO - 213,그린 북
2022-03-03 15:13:11,467 - movie_logger - INFO - 214,그린 북
2022-03-03 15:13:11,512 - movie_logger - INFO - 215,그린 북
2022-03-03 15:13:11,554 - movie_logger - INFO - 216,그린 북
2022-03-03 15:13:11,596 - movie_logger - INFO - 217,그린 북
2022-03-03 15:13:11,638 - movie_logger - INFO - 218,그린 북
2022-03-03 15:13:11,681 - movie_logger - INFO - 219,그린 북
2022-03-03 15:13:11,723 - movie_logger - INFO - 220,그린 북
2022-03-03 15:13:11,865 - movie_logger - INFO - 다음 페이지 클릭
2022-03-03 15:13:11,912 - movie_logger - INFO - 221,그린 북
2022-03-03 15:13:11,955 - movie_logger - INFO - 222,그린 북
2022-03-03 15:13:11,998 - movie_logger - INFO - 223,그린 북
2022-03-03 15:13:12,043 - movie_logger - INFO - 224,그린 북
2022-03-03 15:13:12,085 - movie_logger - INFO - 225,그린 북
2022-03-03 15:13:12,127 - movie_logger - INFO - 226,그린 북
2022-03-03 15:13:12,174 - movie_logger - INFO - 227,그린 북
2022-03-03 15:13:12,216 - movie_logger - INFO - 228,그린 북
2022-03-03 15:13:12,257 - movie_logger - INFO - 229,그린 북
2022-03-03 15:13:12,297 - movie_logger - INFO - 230,그린 북
2022-03-03 15:13:12,439 - movie_logger - INFO - 다음 페이지 클릭
2022-03-03 15:13:12,487 - movie_logger - INFO - 231,그린 북
2022-03-03 15:13:12,529 - movie_logger - INFO - 232,그린 북
2022-03-03 15:13:12,574 - movie_logger - INFO - 233,그린 북
2022-03-03 15:13:12,620 - movie_logger - INFO - 234,그린 북
2022-03-03 15:13:12,664 - movie_logger - INFO - 235,그린 북
2022-03-03 15:13:12,706 - movie_logger - INFO - 236,그린 북
2022-03-03 15:13:12,749 - movie_logger - INFO - 237,그린 북
2022-03-03 15:13:12,795 - movie_logger - INFO - 238,그린 북
2022-03-03 15:13:12,840 - movie_logger - INFO - 239,그린 북
2022-03-03 15:13:12,885 - movie_logger - INFO - 240,그린 북
2022-03-03 15:13:13,040 - movie_logger - INFO - 다음 페이지 클릭
2022-03-03 15:13:13,116 - movie_logger - INFO - 241,그린 북
2022-03-03 15:13:13,164 - movie_logger - INFO - 242,그린 북
2022-03-03 15:13:13,204 - movie_logger - INFO - 243,그린 북
2022-03-03 15:13:13,244 - movie_logger - INFO - 244,그린 북
2022-03-03 15:13:13,280 - movie_logger - INFO - 245,그린 북
2022-03-03 15:13:13,319 - movie_logger - INFO - 246,그린 북
2022-03-03 15:13:13,361 - movie_logger - INFO - 247,그린 북
2022-03-03 15:13:13,401 - movie_logger - INFO - 248,그린 북
2022-03-03 15:13:13,442 - movie_logger - INFO - 249,그린 북
2022-03-03 15:13:13,481 - movie_logger - INFO - 250,그린 북
2022-03-03 15:13:13,618 - movie_logger - INFO - 다음 페이지 클릭
2022-03-03 15:13:13,663 - movie_logger - INFO - 251,그린 북
2022-03-03 15:13:13,701 - movie_logger - INFO - 252,그린 북
2022-03-03 15:13:13,740 - movie_logger - INFO - 253,그린 북
2022-03-03 15:13:13,781 - movie_logger - INFO - 254,그린 북
2022-03-03 15:13:13,823 - movie_logger - INFO - 255,그린 북
2022-03-03 15:13:13,861 - movie_logger - INFO - 256,그린 북
2022-03-03 15:13:13,900 - movie_logger - INFO - 257,그린 북
2022-03-03 15:13:13,938 - movie_logger - INFO - 258,그린 북
2022-03-03 15:13:13,978 - movie_logger - INFO - 259,그린 북
2022-03-03 15:13:14,016 - movie_logger - INFO - 260,그린 북
2022-03-03 15:13:14,149 - movie_logger - INFO - 다음 페이지 클릭
2022-03-03 15:13:14,195 - movie_logger - INFO - 261,그린 북
2022-03-03 15:13:14,233 - movie_logger - INFO - 262,그린 북
2022-03-03 15:13:14,273 - movie_logger - INFO - 263,그린 북
2022-03-03 15:13:14,313 - movie_logger - INFO - 264,그린 북
2022-03-03 15:13:14,354 - movie_logger - INFO - 265,그린 북
2022-03-03 15:13:14,395 - movie_logger - INFO - 266,그린 북
2022-03-03 15:13:14,436 - movie_logger - INFO - 267,그린 북
2022-03-03 15:13:14,478 - movie_logger - INFO - 268,그린 북
2022-03-03 15:13:14,520 - movie_logger - INFO - 269,그린 북
2022-03-03 15:13:14,562 - movie_logger - INFO - 270,그린 북
2022-03-03 15:13:14,704 - movie_logger - INFO - 다음 페이지 클릭
2022-03-03 15:13:14,751 - movie_logger - INFO - 271,그린 북
2022-03-03 15:13:14,796 - movie_logger - INFO - 272,그린 북
2022-03-03 15:13:14,836 - movie_logger - INFO - 273,그린 북
2022-03-03 15:13:14,880 - movie_logger - INFO - 274,그린 북
2022-03-03 15:13:14,925 - movie_logger - INFO - 275,그린 북
2022-03-03 15:13:14,965 - movie_logger - INFO - 276,그린 북
2022-03-03 15:13:15,002 - movie_logger - INFO - 277,그린 북
2022-03-03 15:13:15,042 - movie_logger - INFO - 278,그린 북
2022-03-03 15:13:15,083 - movie_logger - INFO - 279,그린 북
2022-03-03 15:13:15,122 - movie_logger - INFO - 280,그린 북
2022-03-03 15:13:15,254 - movie_logger - INFO - 다음 페이지 클릭
2022-03-03 15:13:15,296 - movie_logger - INFO - 281,그린 북
2022-03-03 15:13:15,335 - movie_logger - INFO - 282,그린 북
2022-03-03 15:13:15,374 - movie_logger - INFO - 283,그린 북
2022-03-03 15:13:15,413 - movie_logger - INFO - 284,그린 북
2022-03-03 15:13:15,454 - movie_logger - INFO - 285,그린 북
2022-03-03 15:13:15,493 - movie_logger - INFO - 286,그린 북
2022-03-03 15:13:15,536 - movie_logger - INFO - 287,그린 북
2022-03-03 15:13:15,575 - movie_logger - INFO - 288,그린 북
2022-03-03 15:13:15,615 - movie_logger - INFO - 289,그린 북
2022-03-03 15:13:15,654 - movie_logger - INFO - 290,그린 북
2022-03-03 15:13:15,787 - movie_logger - INFO - 다음 페이지 클릭
2022-03-03 15:13:15,837 - movie_logger - INFO - 291,그린 북
2022-03-03 15:13:15,877 - movie_logger - INFO - 292,그린 북
2022-03-03 15:13:15,914 - movie_logger - INFO - 293,그린 북
2022-03-03 15:13:15,954 - movie_logger - INFO - 294,그린 북
2022-03-03 15:13:15,994 - movie_logger - INFO - 295,그린 북
2022-03-03 15:13:16,034 - movie_logger - INFO - 296,그린 북
2022-03-03 15:13:16,073 - movie_logger - INFO - 297,그린 북
2022-03-03 15:13:16,115 - movie_logger - INFO - 298,그린 북
2022-03-03 15:13:16,158 - movie_logger - INFO - 299,그린 북
2022-03-03 15:13:16,198 - movie_logger - INFO - 300,그린 북
2022-03-03 15:13:16,337 - movie_logger - INFO - 다음 페이지 클릭
2022-03-03 15:13:16,382 - movie_logger - INFO - 301,그린 북
2022-03-03 15:13:16,427 - movie_logger - INFO - 302,그린 북
2022-03-03 15:13:16,473 - movie_logger - INFO - 303,그린 북
2022-03-03 15:13:16,513 - movie_logger - INFO - 304,그린 북
2022-03-03 15:13:16,551 - movie_logger - INFO - 305,그린 북
2022-03-03 15:13:16,589 - movie_logger - INFO - 306,그린 북
2022-03-03 15:13:16,630 - movie_logger - INFO - 307,그린 북
2022-03-03 15:13:16,671 - movie_logger - INFO - 308,그린 북
2022-03-03 15:13:16,712 - movie_logger - INFO - 309,그린 북
2022-03-03 15:13:16,754 - movie_logger - INFO - 310,그린 북
2022-03-03 15:13:16,895 - movie_logger - INFO - 다음 페이지 클릭
2022-03-03 15:13:16,939 - movie_logger - INFO - 311,그린 북
2022-03-03 15:13:16,983 - movie_logger - INFO - 312,그린 북
2022-03-03 15:13:17,022 - movie_logger - INFO - 313,그린 북
2022-03-03 15:13:17,063 - movie_logger - INFO - 314,그린 북
2022-03-03 15:13:17,106 - movie_logger - INFO - 315,그린 북
2022-03-03 15:13:17,157 - movie_logger - INFO - 316,그린 북
2022-03-03 15:13:17,195 - movie_logger - INFO - 317,그린 북
2022-03-03 15:13:17,234 - movie_logger - INFO - 318,그린 북
2022-03-03 15:13:17,274 - movie_logger - INFO - 319,그린 북
2022-03-03 15:13:17,315 - movie_logger - INFO - 320,그린 북
2022-03-03 15:13:17,455 - movie_logger - INFO - 다음 페이지 클릭
2022-03-03 15:13:17,504 - movie_logger - INFO - 321,그린 북
2022-03-03 15:13:17,544 - movie_logger - INFO - 322,그린 북
2022-03-03 15:13:17,584 - movie_logger - INFO - 323,그린 북
2022-03-03 15:13:17,629 - movie_logger - INFO - 324,그린 북
2022-03-03 15:13:17,673 - movie_logger - INFO - 325,그린 북
2022-03-03 15:13:17,713 - movie_logger - INFO - 326,그린 북
2022-03-03 15:13:17,753 - movie_logger - INFO - 327,그린 북
2022-03-03 15:13:17,795 - movie_logger - INFO - 328,그린 북
2022-03-03 15:13:17,836 - movie_logger - INFO - 329,그린 북
2022-03-03 15:13:17,876 - movie_logger - INFO - 330,그린 북
2022-03-03 15:13:18,015 - movie_logger - INFO - 다음 페이지 클릭
2022-03-03 15:13:18,061 - movie_logger - INFO - 331,그린 북
2022-03-03 15:13:18,101 - movie_logger - INFO - 332,그린 북
2022-03-03 15:13:18,144 - movie_logger - INFO - 333,그린 북
2022-03-03 15:13:18,185 - movie_logger - INFO - 334,그린 북
2022-03-03 15:13:18,227 - movie_logger - INFO - 335,그린 북
2022-03-03 15:13:18,273 - movie_logger - INFO - 336,그린 북
